#
# There is insufficient memory for the Java Runtime Environment to continue.
# Native memory allocation (mmap) failed to map 16777216 bytes for G1 virtual space
# Possible reasons:
#   The system is out of physical RAM or swap space
#   The process is running with CompressedOops enabled, and the Java Heap may be blocking the growth of the native heap
# Possible solutions:
#   Reduce memory load on the system
#   Increase physical memory or swap space
#   Check if swap backing store is full
#   Decrease Java heap size (-Xmx/-Xms)
#   Decrease number of Java threads
#   Decrease Java thread stack sizes (-Xss)
#   Set larger code cache with -XX:ReservedCodeCacheSize=
#   JVM is running with Zero Based Compressed Oops mode in which the Java heap is
#     placed in the first 32GB address space. The Java Heap base address is the
#     maximum limit for the native heap growth. Please use -XX:HeapBaseMinAddress
#     to set the Java Heap base and to place the Java Heap above 32GB virtual address.
# This output file may be truncated or incomplete.
#
#  Out of Memory Error (os_windows.cpp:3535), pid=1804, tid=13528
#
# JRE version: Java(TM) SE Runtime Environment (17.0.4.1+1) (build 17.0.4.1+1-LTS-2)
# Java VM: Java HotSpot(TM) 64-Bit Server VM (17.0.4.1+1-LTS-2, mixed mode, emulated-client, sharing, tiered, compressed oops, compressed class ptrs, g1 gc, windows-amd64)
# No core dump will be written. Minidumps are not enabled by default on client versions of Windows
#

---------------  S U M M A R Y ------------

Command Line: -Dcom.sun.management.jmxremote -Dcom.sun.management.jmxremote.port=53863 -Dcom.sun.management.jmxremote.authenticate=false -Dcom.sun.management.jmxremote.ssl=false -Djava.rmi.server.hostname=localhost -Dspring.jmx.enabled=true -Dmanagement.endpoints.jmx.exposure.include=* -Dspring.application.admin.enabled=true -XX:TieredStopAtLevel=1 -Dspring.boot.project.name=adproject -Dfile.encoding=UTF-8 -Dstdout.encoding=UTF-8 -Dstderr.encoding=UTF-8 -XX:+ShowCodeDetailsInExceptionMessages sg.nus.iss.adproject.AdprojectApplication --spring.output.ansi.enabled=always

Host: Intel(R) Core(TM) i7-7500U CPU @ 2.70GHz, 4 cores, 15G,  Windows 10 , 64 bit Build 19041 (10.0.19041.4597)
Time: Thu Jul 25 04:10:33 2024 Malay Peninsula Standard Time elapsed time: 356.862727 seconds (0d 0h 5m 56s)

---------------  T H R E A D  ---------------

Current thread (0x0000022bebf52250):  VMThread "VM Thread" [stack: 0x000000c5bc900000,0x000000c5bca00000] [id=13528]

Stack: [0x000000c5bc900000,0x000000c5bca00000]
Native frames: (J=compiled Java code, j=interpreted, Vv=VM code, C=native code)
V  [jvm.dll+0x6723ba]
V  [jvm.dll+0x7d1e34]
V  [jvm.dll+0x7d35de]
V  [jvm.dll+0x7d3c43]
V  [jvm.dll+0x243065]
V  [jvm.dll+0x66f2d9]
V  [jvm.dll+0x663c22]
V  [jvm.dll+0x3011cb]
V  [jvm.dll+0x308766]
V  [jvm.dll+0x35846e]
V  [jvm.dll+0x35869f]
V  [jvm.dll+0x2d83e8]
V  [jvm.dll+0x2d66b4]
V  [jvm.dll+0x2d5cbc]
V  [jvm.dll+0x31972b]
V  [jvm.dll+0x7d811b]
V  [jvm.dll+0x7d8e54]
V  [jvm.dll+0x7d936c]
V  [jvm.dll+0x7d9744]
V  [jvm.dll+0x7d9810]
V  [jvm.dll+0x781fca]
V  [jvm.dll+0x671245]
C  [ucrtbase.dll+0x21bb2]
C  [KERNEL32.DLL+0x17374]
C  [ntdll.dll+0x4cc91]

VM_Operation (0x000000c5bedfed50): G1CollectForAllocation, mode: safepoint, requested by thread 0x0000022bef029e00


---------------  P R O C E S S  ---------------

Threads class SMR info:
_java_thread_list=0x0000022bf1c05db0, length=29, elements={
0x0000022bebf58500, 0x0000022bebf5da40, 0x0000022bebf6c620, 0x0000022bebf6d700,
0x0000022bebf70ed0, 0x0000022bebf73ef0, 0x0000022bebf7bba0, 0x0000022bebf85410,
0x0000022bebf71d40, 0x0000022bebf72bb0, 0x0000022bebf71870, 0x0000022bebf72210,
0x0000022bebf743c0, 0x0000022bebf74890, 0x0000022bebf726e0, 0x0000022bebf73080,
0x0000022bebf73550, 0x0000022bebf73a20, 0x0000022bef024760, 0x0000022bef025f70,
0x0000022bef028ac0, 0x0000022bef024290, 0x0000022bef026440, 0x0000022bef029e00,
0x0000022bef0285f0, 0x0000022bef0272b0, 0x0000022bef022f50, 0x0000022bef025aa0,
0x0000022bef023420
}

Java Threads: ( => current thread )
  0x0000022bebf58500 JavaThread "Reference Handler" daemon [_thread_blocked, id=1784, stack(0x000000c5bca00000,0x000000c5bcb00000)]
  0x0000022bebf5da40 JavaThread "Finalizer" daemon [_thread_blocked, id=6604, stack(0x000000c5bcb00000,0x000000c5bcc00000)]
  0x0000022bebf6c620 JavaThread "Signal Dispatcher" daemon [_thread_blocked, id=3000, stack(0x000000c5bcc00000,0x000000c5bcd00000)]
  0x0000022bebf6d700 JavaThread "Attach Listener" daemon [_thread_blocked, id=9592, stack(0x000000c5bcd00000,0x000000c5bce00000)]
  0x0000022bebf70ed0 JavaThread "Service Thread" daemon [_thread_blocked, id=14368, stack(0x000000c5bce00000,0x000000c5bcf00000)]
  0x0000022bebf73ef0 JavaThread "Monitor Deflation Thread" daemon [_thread_blocked, id=10724, stack(0x000000c5bcf00000,0x000000c5bd000000)]
  0x0000022bebf7bba0 JavaThread "C1 CompilerThread0" daemon [_thread_blocked, id=11808, stack(0x000000c5bd000000,0x000000c5bd100000)]
  0x0000022bebf85410 JavaThread "Sweeper thread" daemon [_thread_blocked, id=13072, stack(0x000000c5bd100000,0x000000c5bd200000)]
  0x0000022bebf71d40 JavaThread "Common-Cleaner" daemon [_thread_blocked, id=11544, stack(0x000000c5bd200000,0x000000c5bd300000)]
  0x0000022bebf72bb0 JavaThread "Notification Thread" daemon [_thread_blocked, id=3504, stack(0x000000c5bd500000,0x000000c5bd600000)]
  0x0000022bebf71870 JavaThread "RMI TCP Accept-0" daemon [_thread_in_native, id=13716, stack(0x000000c5bd600000,0x000000c5bd700000)]
  0x0000022bebf72210 JavaThread "RMI TCP Accept-53863" daemon [_thread_in_native, id=8000, stack(0x000000c5bd700000,0x000000c5bd800000)]
  0x0000022bebf743c0 JavaThread "RMI TCP Accept-0" daemon [_thread_in_native, id=23984, stack(0x000000c5bd800000,0x000000c5bd900000)]
  0x0000022bebf74890 JavaThread "RMI Scheduler(0)" daemon [_thread_blocked, id=21148, stack(0x000000c5be000000,0x000000c5be100000)]
  0x0000022bebf726e0 JavaThread "RMI TCP Connection(8)-127.0.0.1" daemon [_thread_in_native, id=2728, stack(0x000000c5be100000,0x000000c5be200000)]
  0x0000022bebf73080 JavaThread "JMX server connection timeout 21" daemon [_thread_blocked, id=7036, stack(0x000000c5be200000,0x000000c5be300000)]
  0x0000022bebf73550 JavaThread "Catalina-utility-1" [_thread_blocked, id=12344, stack(0x000000c5be300000,0x000000c5be400000)]
  0x0000022bebf73a20 JavaThread "Catalina-utility-2" [_thread_blocked, id=6224, stack(0x000000c5be400000,0x000000c5be500000)]
  0x0000022bef024760 JavaThread "http-nio-8080-exec-3" daemon [_thread_blocked, id=12652, stack(0x000000c5be700000,0x000000c5be800000)]
  0x0000022bef025f70 JavaThread "http-nio-8080-exec-5" daemon [_thread_blocked, id=20436, stack(0x000000c5be900000,0x000000c5bea00000)]
  0x0000022bef028ac0 JavaThread "http-nio-8080-exec-6" daemon [_thread_blocked, id=12904, stack(0x000000c5bea00000,0x000000c5beb00000)]
  0x0000022bef024290 JavaThread "http-nio-8080-exec-7" daemon [_thread_blocked, id=12704, stack(0x000000c5beb00000,0x000000c5bec00000)]
  0x0000022bef026440 JavaThread "http-nio-8080-exec-8" daemon [_thread_blocked, id=18352, stack(0x000000c5bec00000,0x000000c5bed00000)]
  0x0000022bef029e00 JavaThread "http-nio-8080-exec-9" daemon [_thread_blocked, id=4780, stack(0x000000c5bed00000,0x000000c5bee00000)]
  0x0000022bef0285f0 JavaThread "http-nio-8080-exec-10" daemon [_thread_blocked, id=17444, stack(0x000000c5bee00000,0x000000c5bef00000)]
  0x0000022bef0272b0 JavaThread "mysql-cj-abandoned-connection-cleanup" daemon [_thread_blocked, id=1180, stack(0x000000c5bf000000,0x000000c5bf100000)]
  0x0000022bef022f50 JavaThread "DestroyJavaVM" [_thread_blocked, id=11068, stack(0x000000c5bc300000,0x000000c5bc400000)]
  0x0000022bef025aa0 JavaThread "RMI TCP Connection(9)-127.0.0.1" daemon [_thread_blocked, id=11016, stack(0x000000c5bbf00000,0x000000c5bc000000)]
  0x0000022bef023420 JavaThread "JMX server connection timeout 45" daemon [_thread_blocked, id=22772, stack(0x000000c5bc000000,0x000000c5bc100000)]

Other Threads:
=>0x0000022bebf52250 VMThread "VM Thread" [stack: 0x000000c5bc900000,0x000000c5bca00000] [id=13528]
  0x0000022bed259c30 WatcherThread [stack: 0x000000c5bd900000,0x000000c5bda00000] [id=12332]
  0x0000022bd3fdd290 GCTaskThread "GC Thread#0" [stack: 0x000000c5bc400000,0x000000c5bc500000] [id=17108]
  0x0000022bd3f73760 GCTaskThread "GC Thread#1" [stack: 0x000000c5bda00000,0x000000c5bdb00000] [id=2604]
  0x0000022bd3f73a10 GCTaskThread "GC Thread#2" [stack: 0x000000c5bdb00000,0x000000c5bdc00000] [id=16724]
  0x0000022bed346020 GCTaskThread "GC Thread#3" [stack: 0x000000c5bdc00000,0x000000c5bdd00000] [id=20492]
  0x0000022bd3fee440 ConcurrentGCThread "G1 Main Marker" [stack: 0x000000c5bc500000,0x000000c5bc600000] [id=22856]
  0x0000022bd3fef500 ConcurrentGCThread "G1 Conc#0" [stack: 0x000000c5bc600000,0x000000c5bc700000] [id=10860]
  0x0000022bebe8bad0 ConcurrentGCThread "G1 Refine#0" [stack: 0x000000c5bc700000,0x000000c5bc800000] [id=15608]
  0x0000022bed34faf0 ConcurrentGCThread "G1 Refine#1" [stack: 0x000000c5bdd00000,0x000000c5bde00000] [id=22616]
  0x0000022bed379420 ConcurrentGCThread "G1 Refine#2" [stack: 0x000000c5bde00000,0x000000c5bdf00000] [id=11676]
  0x0000022bd400e3c0 ConcurrentGCThread "G1 Service" [stack: 0x000000c5bc800000,0x000000c5bc900000] [id=15932]

Threads with active compile tasks:

VM state: at safepoint (normal execution)

VM Mutex/Monitor currently owned by a thread:  ([mutex/lock_event])
[0x0000022bd3f6f500] Threads_lock - owner thread: 0x0000022bebf52250
[0x0000022bd3f6ed20] Heap_lock - owner thread: 0x0000022bef029e00

Heap address: 0x0000000701c00000, size: 4068 MB, Compressed Oops mode: Zero based, Oop shift amount: 3

CDS archive(s) mapped at: [0x0000000800000000-0x0000000800bc0000-0x0000000800bc0000), size 12320768, SharedBaseAddress: 0x0000000800000000, ArchiveRelocationMode: 0.
Compressed class space mapped at: 0x0000000800c00000-0x0000000840c00000, reserved size: 1073741824
Narrow klass base: 0x0000000800000000, Narrow klass shift: 0, Narrow klass range: 0x100000000

GC Precious Log:
 CPUs: 4 total, 4 available
 Memory: 16269M
 Large Page Support: Disabled
 NUMA Support: Disabled
 Compressed Oops: Enabled (Zero based)
 Heap Region Size: 2M
 Heap Min Capacity: 8M
 Heap Initial Capacity: 256M
 Heap Max Capacity: 4068M
 Pre-touch: Disabled
 Parallel Workers: 4
 Concurrent Workers: 1
 Concurrent Refinement Workers: 4
 Periodic GC: Disabled

Heap:
 garbage-first heap   total 81920K, used 34170K [0x0000000701c00000, 0x0000000800000000)
  region size 2048K, 1 young (2048K), 1 survivors (2048K)
 Metaspace       used 73278K, committed 73920K, reserved 1114112K
  class space    used 10668K, committed 10944K, reserved 1048576K

Heap Regions: E=young(eden), S=young(survivor), O=old, HS=humongous(starts), HC=humongous(continues), CS=collection set, F=free, OA=open archive, CA=closed archive, TAMS=top-at-mark-start (previous, next)
|   0|0x0000000701c00000, 0x0000000701e00000, 0x0000000701e00000|100%| O|  |TAMS 0x0000000701e00000, 0x0000000701c00000| Untracked 
|   1|0x0000000701e00000, 0x0000000702000000, 0x0000000702000000|100%| O|  |TAMS 0x0000000702000000, 0x0000000701e00000| Untracked 
|   2|0x0000000702000000, 0x0000000702200000, 0x0000000702200000|100%| O|  |TAMS 0x0000000702200000, 0x0000000702000000| Untracked 
|   3|0x0000000702200000, 0x0000000702281000, 0x0000000702400000| 25%| O|  |TAMS 0x0000000702281000, 0x0000000702200000| Untracked 
|   4|0x0000000702400000, 0x0000000702600000, 0x0000000702600000|100%| O|  |TAMS 0x0000000702600000, 0x0000000702400000| Untracked 
|   5|0x0000000702600000, 0x0000000702797000, 0x0000000702800000| 79%| O|  |TAMS 0x0000000702797000, 0x0000000702600000| Untracked 
|   6|0x0000000702800000, 0x0000000702a00000, 0x0000000702a00000|100%| O|  |TAMS 0x0000000702800000, 0x0000000702800000| Untracked 
|   7|0x0000000702a00000, 0x0000000702c00000, 0x0000000702c00000|100%| O|  |TAMS 0x0000000702a00000, 0x0000000702a00000| Untracked 
|   8|0x0000000702c00000, 0x0000000702e00000, 0x0000000702e00000|100%| O|  |TAMS 0x0000000702c00000, 0x0000000702c00000| Untracked 
|   9|0x0000000702e00000, 0x0000000703000000, 0x0000000703000000|100%| O|  |TAMS 0x0000000702e00000, 0x0000000702e00000| Untracked 
|  10|0x0000000703000000, 0x0000000703200000, 0x0000000703200000|100%| O|  |TAMS 0x0000000703200000, 0x0000000703000000| Untracked 
|  11|0x0000000703200000, 0x0000000703400000, 0x0000000703400000|100%| O|  |TAMS 0x0000000703400000, 0x0000000703200000| Untracked 
|  12|0x0000000703400000, 0x0000000703600000, 0x0000000703600000|100%| O|  |TAMS 0x0000000703600000, 0x0000000703400000| Untracked 
|  13|0x0000000703600000, 0x0000000703800000, 0x0000000703800000|100%| O|  |TAMS 0x0000000703600000, 0x0000000703600000| Untracked 
|  14|0x0000000703800000, 0x0000000703a00000, 0x0000000703a00000|100%| O|  |TAMS 0x0000000703800000, 0x0000000703800000| Untracked 
|  15|0x0000000703a00000, 0x0000000703c00000, 0x0000000703c00000|100%| O|  |TAMS 0x0000000703a00000, 0x0000000703a00000| Untracked 
|  16|0x0000000703c00000, 0x0000000703d9d200, 0x0000000703e00000| 80%| O|  |TAMS 0x0000000703c00000, 0x0000000703c00000| Untracked 
|  17|0x0000000703e00000, 0x0000000703e00000, 0x0000000704000000|  0%| F|  |TAMS 0x0000000703e00000, 0x0000000703e00000| Untracked 
|  18|0x0000000704000000, 0x0000000704000000, 0x0000000704200000|  0%| F|  |TAMS 0x0000000704000000, 0x0000000704000000| Untracked 
|  19|0x0000000704200000, 0x0000000704200000, 0x0000000704400000|  0%| F|  |TAMS 0x0000000704200000, 0x0000000704200000| Untracked 
|  20|0x0000000704400000, 0x0000000704400000, 0x0000000704600000|  0%| F|  |TAMS 0x0000000704400000, 0x0000000704400000| Untracked 
|  21|0x0000000704600000, 0x0000000704600000, 0x0000000704800000|  0%| F|  |TAMS 0x0000000704600000, 0x0000000704600000| Untracked 
|  22|0x0000000704800000, 0x0000000704800000, 0x0000000704a00000|  0%| F|  |TAMS 0x0000000704800000, 0x0000000704800000| Untracked 
|  23|0x0000000704a00000, 0x0000000704ba9698, 0x0000000704c00000| 83%| S|CS|TAMS 0x0000000704a00000, 0x0000000704a00000| Complete 
|  24|0x0000000704c00000, 0x0000000704c00000, 0x0000000704e00000|  0%| F|  |TAMS 0x0000000704c00000, 0x0000000704c00000| Untracked 
|  25|0x0000000704e00000, 0x0000000704e00000, 0x0000000705000000|  0%| F|  |TAMS 0x0000000704e00000, 0x0000000704e00000| Untracked 
|  26|0x0000000705000000, 0x0000000705000000, 0x0000000705200000|  0%| F|  |TAMS 0x0000000705000000, 0x0000000705000000| Untracked 
|  27|0x0000000705200000, 0x0000000705200000, 0x0000000705400000|  0%| F|  |TAMS 0x0000000705200000, 0x0000000705200000| Untracked 
|  28|0x0000000705400000, 0x0000000705400000, 0x0000000705600000|  0%| F|  |TAMS 0x0000000705400000, 0x0000000705400000| Untracked 
|  29|0x0000000705600000, 0x0000000705600000, 0x0000000705800000|  0%| F|  |TAMS 0x0000000705600000, 0x0000000705600000| Untracked 
|  30|0x0000000705800000, 0x0000000705800000, 0x0000000705a00000|  0%| F|  |TAMS 0x0000000705800000, 0x0000000705800000| Untracked 
|  31|0x0000000705a00000, 0x0000000705a00000, 0x0000000705c00000|  0%| F|  |TAMS 0x0000000705a00000, 0x0000000705a00000| Untracked 
|  32|0x0000000705c00000, 0x0000000705c00000, 0x0000000705e00000|  0%| F|  |TAMS 0x0000000705c00000, 0x0000000705c00000| Untracked 
|  33|0x0000000705e00000, 0x0000000705e00000, 0x0000000706000000|  0%| F|  |TAMS 0x0000000705e00000, 0x0000000705e00000| Untracked 
|  34|0x0000000706000000, 0x0000000706000000, 0x0000000706200000|  0%| F|  |TAMS 0x0000000706000000, 0x0000000706000000| Untracked 
|  35|0x0000000706200000, 0x0000000706200000, 0x0000000706400000|  0%| F|  |TAMS 0x0000000706200000, 0x0000000706200000| Untracked 
|  36|0x0000000706400000, 0x0000000706400000, 0x0000000706600000|  0%| F|  |TAMS 0x0000000706400000, 0x0000000706400000| Untracked 
|  95|0x000000070da00000, 0x000000070da00000, 0x000000070dc00000|  0%| F|  |TAMS 0x000000070da00000, 0x000000070da00000| Untracked 
|  96|0x000000070dc00000, 0x000000070dc00000, 0x000000070de00000|  0%| F|  |TAMS 0x000000070dc00000, 0x000000070dc00000| Untracked 
| 127|0x0000000711a00000, 0x0000000711a00000, 0x0000000711c00000|  0%| F|  |TAMS 0x0000000711a00000, 0x0000000711a00000| Untracked 

Card table byte_map: [0x0000022be0c20000,0x0000022be1420000] _byte_map_base: 0x0000022bdd412000

Marking Bits (Prev, Next): (CMBitMap*) 0x0000022bd3fdd7f0, (CMBitMap*) 0x0000022bd3fdd7b0
 Prev Bits: [0x0000022be5bb0000, 0x0000022be9b40000)
 Next Bits: [0x0000022be1c20000, 0x0000022be5bb0000)

Polling page: 0x0000022bd4010000

Metaspace:

Usage:
  Non-class:     61.14 MB used.
      Class:     10.42 MB used.
       Both:     71.56 MB used.

Virtual space:
  Non-class space:       64.00 MB reserved,      61.50 MB ( 96%) committed,  8 nodes.
      Class space:        1.00 GB reserved,      10.69 MB (  1%) committed,  1 nodes.
             Both:        1.06 GB reserved,      72.19 MB (  7%) committed. 

Chunk freelists:
   Non-Class:  2.18 MB
       Class:  1.13 MB
        Both:  3.31 MB

MaxMetaspaceSize: unlimited
CompressedClassSpaceSize: 1.00 GB
Initial GC threshold: 21.00 MB
Current GC threshold: 78.38 MB
CDS: on
MetaspaceReclaimPolicy: balanced
 - commit_granule_bytes: 65536.
 - commit_granule_words: 8192.
 - virtual_space_node_default_size: 1048576.
 - enlarge_chunks_in_place: 1.
 - new_chunks_are_fully_committed: 0.
 - uncommit_free_chunks: 1.
 - use_allocation_guard: 0.
 - handle_deallocations: 1.


Internal statistics:

num_allocs_failed_limit: 9.
num_arena_births: 894.
num_arena_deaths: 0.
num_vsnodes_births: 9.
num_vsnodes_deaths: 0.
num_space_committed: 1155.
num_space_uncommitted: 0.
num_chunks_returned_to_freelist: 9.
num_chunks_taken_from_freelist: 3487.
num_chunk_merges: 9.
num_chunk_splits: 2547.
num_chunks_enlarged: 1977.
num_purges: 0.
num_inconsistent_stats: 0.

CodeCache: size=49152Kb used=12677Kb max_used=13600Kb free=36474Kb
 bounds [0x0000022bdcf80000, 0x0000022bddcd0000, 0x0000022bdff80000]
 total_blobs=8042 nmethods=7327 adapters=641
 compilation: enabled
              stopped_count=0, restarted_count=0
 full_count=0

Compilation events (20 events):
Event: 356.836 Thread 0x0000022bebf7bba0 7318       1       java.util.regex.Matcher::groupCount (10 bytes)
Event: 356.836 Thread 0x0000022bebf7bba0 nmethod 7318 0x0000022bdd0fe510 code [0x0000022bdd0fe6a0, 0x0000022bdd0fe778]
Event: 356.836 Thread 0x0000022bebf7bba0 7319       1       com.sun.crypto.provider.GaloisCounterMode::checkReInit (19 bytes)
Event: 356.836 Thread 0x0000022bebf7bba0 nmethod 7319 0x0000022bdd0fe190 code [0x0000022bdd0fe320, 0x0000022bdd0fe488]
Event: 356.840 Thread 0x0000022bebf7bba0 7320       1       java.util.ImmutableCollections$ListN::<init> (15 bytes)
Event: 356.841 Thread 0x0000022bebf7bba0 nmethod 7320 0x0000022bdd0fde90 code [0x0000022bdd0fe020, 0x0000022bdd0fe138]
Event: 356.841 Thread 0x0000022bebf7bba0 7321   !   1       java.net.Socket::isClosed (19 bytes)
Event: 356.841 Thread 0x0000022bebf7bba0 nmethod 7321 0x0000022bdd0fda90 code [0x0000022bdd0fdc20, 0x0000022bdd0fddd8]
Event: 356.841 Thread 0x0000022bebf7bba0 7322       1       ch.qos.logback.core.pattern.DynamicConverter::getFirstOption (35 bytes)
Event: 356.841 Thread 0x0000022bebf7bba0 nmethod 7322 0x0000022bdd0fd690 code [0x0000022bdd0fd840, 0x0000022bdd0fd9d8]
Event: 356.841 Thread 0x0000022bebf7bba0 7325       1       org.springframework.boot.ansi.AnsiOutput::buildEnabled (127 bytes)
Event: 356.842 Thread 0x0000022bebf7bba0 nmethod 7325 0x0000022bdd0fce10 code [0x0000022bdd0fd020, 0x0000022bdd0fd3b8]
Event: 356.842 Thread 0x0000022bebf7bba0 7326       1       ch.qos.logback.core.pattern.CompositeConverter::convert (43 bytes)
Event: 356.842 Thread 0x0000022bebf7bba0 nmethod 7326 0x0000022bdd0fc690 code [0x0000022bdd0fc860, 0x0000022bdd0fcc48]
Event: 356.842 Thread 0x0000022bebf7bba0 7323       1       org.springframework.boot.ansi.AnsiOutput::toString (32 bytes)
Event: 356.843 Thread 0x0000022bebf7bba0 nmethod 7323 0x0000022bdd0fc010 code [0x0000022bdd0fc1e0, 0x0000022bdd0fc518]
Event: 356.843 Thread 0x0000022bebf7bba0 7324       1       org.springframework.boot.ansi.AnsiOutput::isEnabled (46 bytes)
Event: 356.843 Thread 0x0000022bebf7bba0 nmethod 7324 0x0000022bdd0fbb90 code [0x0000022bdd0fbd40, 0x0000022bdd0fbf28]
Event: 356.843 Thread 0x0000022bebf7bba0 7327       1       org.springframework.boot.logging.logback.ColorConverter::transform (10 bytes)
Event: 356.843 Thread 0x0000022bebf7bba0 nmethod 7327 0x0000022bdd0fb810 code [0x0000022bdd0fb9a0, 0x0000022bdd0fbac8]

GC Heap History (20 events):
Event: 2.280 GC heap after
{Heap after GC invocations=4 (full 0):
 garbage-first heap   total 262144K, used 13935K [0x0000000701c00000, 0x0000000800000000)
  region size 2048K, 4 young (8192K), 4 survivors (8192K)
 Metaspace       used 21228K, committed 21504K, reserved 1073152K
  class space    used 2881K, committed 3008K, reserved 1048576K
}
Event: 2.913 GC heap before
{Heap before GC invocations=5 (full 0):
 garbage-first heap   total 61440K, used 44655K [0x0000000701c00000, 0x0000000800000000)
  region size 2048K, 20 young (40960K), 4 survivors (8192K)
 Metaspace       used 25614K, committed 26112K, reserved 1073152K
  class space    used 3605K, committed 3840K, reserved 1048576K
}
Event: 2.926 GC heap after
{Heap after GC invocations=6 (full 0):
 garbage-first heap   total 61440K, used 16762K [0x0000000701c00000, 0x0000000800000000)
  region size 2048K, 5 young (10240K), 5 survivors (10240K)
 Metaspace       used 25614K, committed 26112K, reserved 1073152K
  class space    used 3605K, committed 3840K, reserved 1048576K
}
Event: 3.319 GC heap before
{Heap before GC invocations=6 (full 0):
 garbage-first heap   total 61440K, used 41338K [0x0000000701c00000, 0x0000000800000000)
  region size 2048K, 17 young (34816K), 5 survivors (10240K)
 Metaspace       used 29126K, committed 29568K, reserved 1081344K
  class space    used 4051K, committed 4224K, reserved 1048576K
}
Event: 3.331 GC heap after
{Heap after GC invocations=7 (full 0):
 garbage-first heap   total 61440K, used 18399K [0x0000000701c00000, 0x0000000800000000)
  region size 2048K, 3 young (6144K), 3 survivors (6144K)
 Metaspace       used 29126K, committed 29568K, reserved 1081344K
  class space    used 4051K, committed 4224K, reserved 1048576K
}
Event: 3.780 GC heap before
{Heap before GC invocations=7 (full 0):
 garbage-first heap   total 61440K, used 40927K [0x0000000701c00000, 0x0000000800000000)
  region size 2048K, 14 young (28672K), 3 survivors (6144K)
 Metaspace       used 34566K, committed 35008K, reserved 1081344K
  class space    used 4938K, committed 5184K, reserved 1048576K
}
Event: 3.786 GC heap after
{Heap after GC invocations=8 (full 0):
 garbage-first heap   total 161792K, used 19602K [0x0000000701c00000, 0x0000000800000000)
  region size 2048K, 2 young (4096K), 2 survivors (4096K)
 Metaspace       used 34566K, committed 35008K, reserved 1081344K
  class space    used 4938K, committed 5184K, reserved 1048576K
}
Event: 3.860 GC heap before
{Heap before GC invocations=8 (full 0):
 garbage-first heap   total 161792K, used 21650K [0x0000000701c00000, 0x0000000800000000)
  region size 2048K, 4 young (8192K), 2 survivors (4096K)
 Metaspace       used 35478K, committed 35968K, reserved 1081344K
  class space    used 5071K, committed 5312K, reserved 1048576K
}
Event: 3.865 GC heap after
{Heap after GC invocations=9 (full 0):
 garbage-first heap   total 161792K, used 19511K [0x0000000701c00000, 0x0000000800000000)
  region size 2048K, 2 young (4096K), 2 survivors (4096K)
 Metaspace       used 35478K, committed 35968K, reserved 1081344K
  class space    used 5071K, committed 5312K, reserved 1048576K
}
Event: 4.786 GC heap before
{Heap before GC invocations=10 (full 0):
 garbage-first heap   total 81920K, used 64567K [0x0000000701c00000, 0x0000000800000000)
  region size 2048K, 24 young (49152K), 2 survivors (4096K)
 Metaspace       used 47215K, committed 47680K, reserved 1089536K
  class space    used 6580K, committed 6784K, reserved 1048576K
}
Event: 4.792 GC heap after
{Heap after GC invocations=11 (full 0):
 garbage-first heap   total 81920K, used 22624K [0x0000000701c00000, 0x0000000800000000)
  region size 2048K, 3 young (6144K), 3 survivors (6144K)
 Metaspace       used 47215K, committed 47680K, reserved 1089536K
  class space    used 6580K, committed 6784K, reserved 1048576K
}
Event: 5.457 GC heap before
{Heap before GC invocations=12 (full 0):
 garbage-first heap   total 81920K, used 59488K [0x0000000701c00000, 0x0000000800000000)
  region size 2048K, 22 young (45056K), 3 survivors (6144K)
 Metaspace       used 55558K, committed 56064K, reserved 1097728K
  class space    used 7962K, committed 8192K, reserved 1048576K
}
Event: 5.465 GC heap after
{Heap after GC invocations=13 (full 0):
 garbage-first heap   total 81920K, used 24259K [0x0000000701c00000, 0x0000000800000000)
  region size 2048K, 1 young (2048K), 1 survivors (2048K)
 Metaspace       used 55558K, committed 56064K, reserved 1097728K
  class space    used 7962K, committed 8192K, reserved 1048576K
}
Event: 6.191 GC heap before
{Heap before GC invocations=13 (full 0):
 garbage-first heap   total 81920K, used 63171K [0x0000000701c00000, 0x0000000800000000)
  region size 2048K, 20 young (40960K), 1 survivors (2048K)
 Metaspace       used 62763K, committed 63360K, reserved 1105920K
  class space    used 9052K, committed 9344K, reserved 1048576K
}
Event: 6.197 GC heap after
{Heap after GC invocations=14 (full 0):
 garbage-first heap   total 81920K, used 27594K [0x0000000701c00000, 0x0000000800000000)
  region size 2048K, 3 young (6144K), 3 survivors (6144K)
 Metaspace       used 62763K, committed 63360K, reserved 1105920K
  class space    used 9052K, committed 9344K, reserved 1048576K
}
Event: 6.464 GC heap before
{Heap before GC invocations=14 (full 0):
 garbage-first heap   total 81920K, used 62410K [0x0000000701c00000, 0x0000000800000000)
  region size 2048K, 20 young (40960K), 3 survivors (6144K)
 Metaspace       used 65461K, committed 66112K, reserved 1105920K
  class space    used 9553K, committed 9856K, reserved 1048576K
}
Event: 6.474 GC heap after
{Heap after GC invocations=15 (full 0):
 garbage-first heap   total 81920K, used 31529K [0x0000000701c00000, 0x0000000800000000)
  region size 2048K, 3 young (6144K), 3 survivors (6144K)
 Metaspace       used 65461K, committed 66112K, reserved 1105920K
  class space    used 9553K, committed 9856K, reserved 1048576K
}
Event: 6.921 GC heap before
{Heap before GC invocations=15 (full 0):
 garbage-first heap   total 81920K, used 60201K [0x0000000701c00000, 0x0000000800000000)
  region size 2048K, 17 young (34816K), 3 survivors (6144K)
 Metaspace       used 68069K, committed 68672K, reserved 1114112K
  class space    used 9939K, committed 10240K, reserved 1048576K
}
Event: 6.927 GC heap after
{Heap after GC invocations=16 (full 0):
 garbage-first heap   total 81920K, used 32762K [0x0000000701c00000, 0x0000000800000000)
  region size 2048K, 2 young (4096K), 2 survivors (4096K)
 Metaspace       used 68069K, committed 68672K, reserved 1114112K
  class space    used 9939K, committed 10240K, reserved 1048576K
}
Event: 356.850 GC heap before
{Heap before GC invocations=16 (full 0):
 garbage-first heap   total 81920K, used 59386K [0x0000000701c00000, 0x0000000800000000)
  region size 2048K, 16 young (32768K), 2 survivors (4096K)
 Metaspace       used 73278K, committed 73920K, reserved 1114112K
  class space    used 10668K, committed 10944K, reserved 1048576K
}

Deoptimization events (16 events):
Event: 1.444 Thread 0x0000022bd3f729e0 DEOPT PACKING pc=0x0000022bdd4ab2f9 sp=0x000000c5bc3fd2f0
Event: 1.444 Thread 0x0000022bd3f729e0 DEOPT UNPACKING pc=0x0000022bdcfd2b43 sp=0x000000c5bc3fc7d0 mode 3
Event: 1.635 Thread 0x0000022bd3f729e0 DEOPT PACKING pc=0x0000022bdd4f6155 sp=0x000000c5bc3fe120
Event: 1.635 Thread 0x0000022bd3f729e0 DEOPT UNPACKING pc=0x0000022bdcfd2b43 sp=0x000000c5bc3fd5c8 mode 3
Event: 2.731 Thread 0x0000022bd3f729e0 DEOPT PACKING pc=0x0000022bdd637dec sp=0x000000c5bc3fd0d0
Event: 2.731 Thread 0x0000022bd3f729e0 DEOPT UNPACKING pc=0x0000022bdcfd2b43 sp=0x000000c5bc3fc588 mode 0
Event: 3.169 Thread 0x0000022bd3f729e0 DEOPT PACKING pc=0x0000022bdd75ac25 sp=0x000000c5bc3fc760
Event: 3.169 Thread 0x0000022bd3f729e0 DEOPT UNPACKING pc=0x0000022bdcfd2b43 sp=0x000000c5bc3fbcc8 mode 3
Event: 5.850 Thread 0x0000022bd3f729e0 DEOPT PACKING pc=0x0000022bdd4dc454 sp=0x000000c5bc3fc490
Event: 5.850 Thread 0x0000022bd3f729e0 DEOPT UNPACKING pc=0x0000022bdcfd2b43 sp=0x000000c5bc3fb9e8 mode 0
Event: 6.498 Thread 0x0000022bd3f729e0 DEOPT PACKING pc=0x0000022bddaed179 sp=0x000000c5bc3fcad0
Event: 6.498 Thread 0x0000022bd3f729e0 DEOPT UNPACKING pc=0x0000022bdcfd2b43 sp=0x000000c5bc3fbfb0 mode 3
Event: 6.505 Thread 0x0000022bd3f729e0 DEOPT PACKING pc=0x0000022bdd4adcd2 sp=0x000000c5bc3fdcd0
Event: 6.505 Thread 0x0000022bd3f729e0 DEOPT UNPACKING pc=0x0000022bdcfd2b43 sp=0x000000c5bc3fd1d8 mode 3
Event: 12.990 Thread 0x0000022bef025100 DEOPT PACKING pc=0x0000022bddca719b sp=0x000000c5be5fcd00
Event: 12.990 Thread 0x0000022bef025100 DEOPT UNPACKING pc=0x0000022bdcfd2b43 sp=0x000000c5be5fc208 mode 3

Classes unloaded (0 events):
No events

Classes redefined (0 events):
No events

Internal exceptions (20 events):
Event: 356.819 Thread 0x0000022bef027c50 Exception <a 'java/io/IOException'{0x0000000705157db0}> (0x0000000705157db0) 
thrown [s\open\src\hotspot\share\prims\jni.cpp, line 516]
Event: 356.822 Thread 0x0000022bef027c50 Exception <a 'java/io/IOException'{0x000000070515c9f0}> (0x000000070515c9f0) 
thrown [s\open\src\hotspot\share\prims\jni.cpp, line 516]
Event: 356.822 Thread 0x0000022bef027c50 Exception <a 'java/io/IOException'{0x000000070515d530}> (0x000000070515d530) 
thrown [s\open\src\hotspot\share\prims\jni.cpp, line 516]
Event: 356.824 Thread 0x0000022bef027c50 Exception <a 'java/io/IOException'{0x000000070515fdb8}> (0x000000070515fdb8) 
thrown [s\open\src\hotspot\share\prims\jni.cpp, line 516]
Event: 356.824 Thread 0x0000022bef027c50 Exception <a 'java/io/IOException'{0x00000007051608f8}> (0x00000007051608f8) 
thrown [s\open\src\hotspot\share\prims\jni.cpp, line 516]
Event: 356.827 Thread 0x0000022bef027c50 Exception <a 'java/io/IOException'{0x0000000705163180}> (0x0000000705163180) 
thrown [s\open\src\hotspot\share\prims\jni.cpp, line 516]
Event: 356.827 Thread 0x0000022bef027c50 Exception <a 'java/io/IOException'{0x0000000705163cc0}> (0x0000000705163cc0) 
thrown [s\open\src\hotspot\share\prims\jni.cpp, line 516]
Event: 356.829 Thread 0x0000022bef027c50 Exception <a 'java/io/IOException'{0x0000000705166548}> (0x0000000705166548) 
thrown [s\open\src\hotspot\share\prims\jni.cpp, line 516]
Event: 356.829 Thread 0x0000022bef027c50 Exception <a 'java/io/IOException'{0x0000000705167088}> (0x0000000705167088) 
thrown [s\open\src\hotspot\share\prims\jni.cpp, line 516]
Event: 356.832 Thread 0x0000022bef027c50 Exception <a 'java/io/IOException'{0x0000000705169910}> (0x0000000705169910) 
thrown [s\open\src\hotspot\share\prims\jni.cpp, line 516]
Event: 356.832 Thread 0x0000022bef027c50 Exception <a 'java/io/IOException'{0x000000070516a450}> (0x000000070516a450) 
thrown [s\open\src\hotspot\share\prims\jni.cpp, line 516]
Event: 356.833 Thread 0x0000022bef027c50 Exception <a 'java/io/IOException'{0x000000070516cd00}> (0x000000070516cd00) 
thrown [s\open\src\hotspot\share\prims\jni.cpp, line 516]
Event: 356.833 Thread 0x0000022bef027c50 Exception <a 'java/io/IOException'{0x000000070516d840}> (0x000000070516d840) 
thrown [s\open\src\hotspot\share\prims\jni.cpp, line 516]
Event: 356.835 Thread 0x0000022bef027c50 Exception <a 'java/io/IOException'{0x00000007051700c8}> (0x00000007051700c8) 
thrown [s\open\src\hotspot\share\prims\jni.cpp, line 516]
Event: 356.835 Thread 0x0000022bef027c50 Exception <a 'java/io/IOException'{0x0000000705170c08}> (0x0000000705170c08) 
thrown [s\open\src\hotspot\share\prims\jni.cpp, line 516]
Event: 356.838 Thread 0x0000022bef027c50 Exception <a 'java/io/IOException'{0x0000000705173490}> (0x0000000705173490) 
thrown [s\open\src\hotspot\share\prims\jni.cpp, line 516]
Event: 356.838 Thread 0x0000022bef027c50 Exception <a 'java/io/IOException'{0x0000000705173fd0}> (0x0000000705173fd0) 
thrown [s\open\src\hotspot\share\prims\jni.cpp, line 516]
Event: 356.840 Thread 0x0000022bef027c50 Exception <a 'java/io/IOException'{0x0000000705176858}> (0x0000000705176858) 
thrown [s\open\src\hotspot\share\prims\jni.cpp, line 516]
Event: 356.840 Thread 0x0000022bef027c50 Exception <a 'java/io/IOException'{0x0000000705177398}> (0x0000000705177398) 
thrown [s\open\src\hotspot\share\prims\jni.cpp, line 516]
Event: 356.850 Thread 0x0000022bef026de0 Exception <a 'java/lang/InterruptedException'{0x00000007051efb60}: sleep interrupted> (0x00000007051efb60) 
thrown [s\open\src\hotspot\share\prims\jvm.cpp, line 3067]

VM Operations (20 events):
Event: 75.389 Executing VM operation: Cleanup done
Event: 83.441 Executing VM operation: Cleanup
Event: 83.442 Executing VM operation: Cleanup done
Event: 148.877 Executing VM operation: Cleanup
Event: 148.877 Executing VM operation: Cleanup done
Event: 192.114 Executing VM operation: Cleanup
Event: 192.114 Executing VM operation: Cleanup done
Event: 197.116 Executing VM operation: Cleanup
Event: 197.116 Executing VM operation: Cleanup done
Event: 203.117 Executing VM operation: Cleanup
Event: 203.117 Executing VM operation: Cleanup done
Event: 205.118 Executing VM operation: Cleanup
Event: 205.118 Executing VM operation: Cleanup done
Event: 214.123 Executing VM operation: Cleanup
Event: 214.123 Executing VM operation: Cleanup done
Event: 254.142 Executing VM operation: Cleanup
Event: 254.142 Executing VM operation: Cleanup done
Event: 356.564 Executing VM operation: Cleanup
Event: 356.564 Executing VM operation: Cleanup done
Event: 356.850 Executing VM operation: G1CollectForAllocation

Events (20 events):
Event: 356.848 loading class com/sun/beans/introspect/ClassInfo
Event: 356.848 loading class com/sun/beans/introspect/ClassInfo done
Event: 356.848 loading class com/sun/beans/introspect/ClassInfo$1
Event: 356.848 loading class com/sun/beans/util/Cache
Event: 356.848 loading class com/sun/beans/util/Cache done
Event: 356.848 loading class com/sun/beans/introspect/ClassInfo$1 done
Event: 356.848 loading class com/sun/beans/util/Cache$Kind
Event: 356.848 loading class com/sun/beans/util/Cache$Kind done
Event: 356.848 loading class com/sun/beans/util/Cache$Kind$1
Event: 356.848 loading class com/sun/beans/util/Cache$Kind$1 done
Event: 356.849 loading class com/sun/beans/util/Cache$Kind$2
Event: 356.849 loading class com/sun/beans/util/Cache$Kind$2 done
Event: 356.849 loading class com/sun/beans/util/Cache$Kind$3
Event: 356.849 loading class com/sun/beans/util/Cache$Kind$3 done
Event: 356.849 loading class com/sun/beans/util/Cache$CacheEntry
Event: 356.849 loading class com/sun/beans/util/Cache$CacheEntry done
Event: 356.850 Thread 0x0000022bef029460 Thread exited: 0x0000022bef029460
Event: 356.850 Thread 0x0000022bef027780 Thread exited: 0x0000022bef027780
Event: 356.850 Thread 0x0000022bef025100 Thread exited: 0x0000022bef025100
Event: 356.850 Thread 0x0000022bef026de0 Thread exited: 0x0000022bef026de0


Dynamic libraries:
0x00007ff73f880000 - 0x00007ff73f890000 	C:\Program Files\Java\jdk-17.0.4.1\bin\javaw.exe
0x00007ffc8a1d0000 - 0x00007ffc8a3c8000 	C:\WINDOWS\SYSTEM32\ntdll.dll
0x00007ffc896b0000 - 0x00007ffc89771000 	C:\WINDOWS\System32\KERNEL32.DLL
0x00007ffc87920000 - 0x00007ffc87c16000 	C:\WINDOWS\System32\KERNELBASE.dll
0x0000000072370000 - 0x00000000726a2000 	C:\Program Files\Norton Security\NortonData\22.20.4.57\Definitions\IPSDefs\20240723.064\IPSEng64.dll
0x00007ffc88fa0000 - 0x00007ffc89050000 	C:\WINDOWS\System32\ADVAPI32.dll
0x00007ffc88350000 - 0x00007ffc883ee000 	C:\WINDOWS\System32\msvcrt.dll
0x00007ffc88200000 - 0x00007ffc882a0000 	C:\WINDOWS\System32\sechost.dll
0x00007ffc8a060000 - 0x00007ffc8a183000 	C:\WINDOWS\System32\RPCRT4.dll
0x00007ffc88090000 - 0x00007ffc880b7000 	C:\WINDOWS\System32\bcrypt.dll
0x00007ffc884b0000 - 0x00007ffc884b8000 	C:\WINDOWS\System32\PSAPI.DLL
0x00007ffc87db0000 - 0x00007ffc87eb0000 	C:\WINDOWS\System32\ucrtbase.dll
0x00007ffc81150000 - 0x00007ffc81168000 	C:\Program Files\Java\jdk-17.0.4.1\bin\jli.dll
0x00007ffc81060000 - 0x00007ffc8107a000 	C:\Program Files\Java\jdk-17.0.4.1\bin\VCRUNTIME140.dll
0x00007ffc898d0000 - 0x00007ffc89a6f000 	C:\WINDOWS\System32\USER32.dll
0x00007ffc88010000 - 0x00007ffc88032000 	C:\WINDOWS\System32\win32u.dll
0x00007ffc732d0000 - 0x00007ffc7356a000 	C:\WINDOWS\WinSxS\amd64_microsoft.windows.common-controls_6595b64144ccf1df_6.0.19041.4355_none_60b8b9eb71f62e16\COMCTL32.dll
0x00007ffc89830000 - 0x00007ffc8985b000 	C:\WINDOWS\System32\GDI32.dll
0x00007ffc87c20000 - 0x00007ffc87d37000 	C:\WINDOWS\System32\gdi32full.dll
0x00007ffc87880000 - 0x00007ffc8791d000 	C:\WINDOWS\System32\msvcp_win.dll
0x00007ffc7fec0000 - 0x00007ffc7feca000 	C:\WINDOWS\SYSTEM32\VERSION.dll
0x00007ffc883f0000 - 0x00007ffc8841f000 	C:\WINDOWS\System32\IMM32.DLL
0x00007ffc81560000 - 0x00007ffc8156c000 	C:\Program Files\Java\jdk-17.0.4.1\bin\vcruntime140_1.dll
0x00007ffc4f130000 - 0x00007ffc4f1bd000 	C:\Program Files\Java\jdk-17.0.4.1\bin\msvcp140.dll
0x00007ffc3fba0000 - 0x00007ffc40762000 	C:\Program Files\Java\jdk-17.0.4.1\bin\server\jvm.dll
0x00007ffc72420000 - 0x00007ffc72429000 	C:\WINDOWS\SYSTEM32\WSOCK32.dll
0x00007ffc73690000 - 0x00007ffc736b7000 	C:\WINDOWS\SYSTEM32\WINMM.dll
0x00007ffc89860000 - 0x00007ffc898cb000 	C:\WINDOWS\System32\WS2_32.dll
0x00007ffc86030000 - 0x00007ffc86042000 	C:\WINDOWS\SYSTEM32\kernel.appcore.dll
0x00007ffc812b0000 - 0x00007ffc812ba000 	C:\Program Files\Java\jdk-17.0.4.1\bin\jimage.dll
0x00007ffc84580000 - 0x00007ffc84764000 	C:\WINDOWS\SYSTEM32\DBGHELP.DLL
0x00007ffc6b110000 - 0x00007ffc6b144000 	C:\WINDOWS\SYSTEM32\dbgcore.DLL
0x00007ffc880c0000 - 0x00007ffc88142000 	C:\WINDOWS\System32\bcryptPrimitives.dll
0x00007ffc80070000 - 0x00007ffc80095000 	C:\Program Files\Java\jdk-17.0.4.1\bin\java.dll
0x00007ffc45530000 - 0x00007ffc45606000 	C:\Program Files\Java\jdk-17.0.4.1\bin\jsvml.dll
0x00007ffc88760000 - 0x00007ffc88ecc000 	C:\WINDOWS\System32\SHELL32.dll
0x00007ffc85880000 - 0x00007ffc8601e000 	C:\WINDOWS\SYSTEM32\windows.storage.dll
0x00007ffc89050000 - 0x00007ffc893a3000 	C:\WINDOWS\System32\combase.dll
0x00007ffc871c0000 - 0x00007ffc871ee000 	C:\WINDOWS\SYSTEM32\Wldp.dll
0x00007ffc88670000 - 0x00007ffc8873d000 	C:\WINDOWS\System32\OLEAUT32.dll
0x00007ffc882a0000 - 0x00007ffc8834d000 	C:\WINDOWS\System32\SHCORE.dll
0x00007ffc88ee0000 - 0x00007ffc88f35000 	C:\WINDOWS\System32\shlwapi.dll
0x00007ffc877b0000 - 0x00007ffc877d4000 	C:\WINDOWS\SYSTEM32\profapi.dll
0x00007ffc81040000 - 0x00007ffc81059000 	C:\Program Files\Java\jdk-17.0.4.1\bin\net.dll
0x00007ffc7ce30000 - 0x00007ffc7cf3a000 	C:\WINDOWS\SYSTEM32\WINHTTP.dll
0x00007ffc86fa0000 - 0x00007ffc8700a000 	C:\WINDOWS\system32\mswsock.dll
0x00007ffc80050000 - 0x00007ffc80066000 	C:\Program Files\Java\jdk-17.0.4.1\bin\nio.dll
0x00007ffc7fbb0000 - 0x00007ffc7fbc8000 	C:\Program Files\Java\jdk-17.0.4.1\bin\zip.dll
0x00007ffc81280000 - 0x00007ffc81289000 	C:\Program Files\Java\jdk-17.0.4.1\bin\management.dll
0x00007ffc810c0000 - 0x00007ffc810cb000 	C:\Program Files\Java\jdk-17.0.4.1\bin\management_ext.dll
0x00007ffc59470000 - 0x00007ffc59487000 	C:\WINDOWS\system32\napinsp.dll
0x00007ffc59450000 - 0x00007ffc5946b000 	C:\WINDOWS\system32\pnrpnsp.dll
0x00007ffc83460000 - 0x00007ffc83475000 	C:\WINDOWS\system32\wshbth.dll
0x00007ffc80740000 - 0x00007ffc8075d000 	C:\WINDOWS\system32\NLAapi.dll
0x00007ffc86c50000 - 0x00007ffc86c8b000 	C:\WINDOWS\SYSTEM32\IPHLPAPI.DLL
0x00007ffc86c90000 - 0x00007ffc86d5a000 	C:\WINDOWS\SYSTEM32\DNSAPI.dll
0x00007ffc88ed0000 - 0x00007ffc88ed8000 	C:\WINDOWS\System32\NSI.dll
0x00007ffc59210000 - 0x00007ffc59222000 	C:\WINDOWS\System32\winrnr.dll
0x0000000073c30000 - 0x0000000073c56000 	C:\Program Files\Bonjour\mdnsNSP.dll
0x00007ffc7f780000 - 0x00007ffc7f78a000 	C:\Windows\System32\rasadhlp.dll
0x00007ffc7cb60000 - 0x00007ffc7cbe0000 	C:\WINDOWS\System32\fwpuclnt.dll
0x00007ffc87200000 - 0x00007ffc87218000 	C:\WINDOWS\SYSTEM32\CRYPTSP.dll
0x00007ffc86870000 - 0x00007ffc868a4000 	C:\WINDOWS\system32\rsaenh.dll
0x00007ffc87760000 - 0x00007ffc8778e000 	C:\WINDOWS\SYSTEM32\USERENV.dll
0x00007ffc87130000 - 0x00007ffc8713c000 	C:\WINDOWS\SYSTEM32\CRYPTBASE.dll
0x00007ffc7efe0000 - 0x00007ffc7eff7000 	C:\WINDOWS\SYSTEM32\dhcpcsvc6.DLL
0x00007ffc7efa0000 - 0x00007ffc7efbd000 	C:\WINDOWS\SYSTEM32\dhcpcsvc.DLL
0x00007ffc80040000 - 0x00007ffc8004e000 	C:\Program Files\Java\jdk-17.0.4.1\bin\sunmscapi.dll
0x00007ffc87eb0000 - 0x00007ffc8800e000 	C:\WINDOWS\System32\CRYPT32.dll
0x00007ffc87310000 - 0x00007ffc87339000 	C:\WINDOWS\SYSTEM32\ncrypt.dll
0x00007ffc872d0000 - 0x00007ffc8730b000 	C:\WINDOWS\SYSTEM32\NTASN1.dll
0x00007ffc6d150000 - 0x00007ffc6d160000 	C:\Program Files\Java\jdk-17.0.4.1\bin\verify.dll
0x00007ffc6d080000 - 0x00007ffc6d087000 	C:\WINDOWS\system32\wshunix.dll

dbghelp: loaded successfully - version: 4.0.5 - missing functions: none
symbol engine: initialized successfully - sym options: 0x614 - pdb path: .;C:\Program Files\Java\jdk-17.0.4.1\bin;C:\WINDOWS\SYSTEM32;C:\Program Files\Norton Security\NortonData\22.20.4.57\Definitions\IPSDefs\20240723.064;C:\WINDOWS\WinSxS\amd64_microsoft.windows.common-controls_6595b64144ccf1df_6.0.19041.4355_none_60b8b9eb71f62e16;C:\Program Files\Java\jdk-17.0.4.1\bin\server;C:\Program Files\Bonjour

VM Arguments:
jvm_args: -Dcom.sun.management.jmxremote -Dcom.sun.management.jmxremote.port=53863 -Dcom.sun.management.jmxremote.authenticate=false -Dcom.sun.management.jmxremote.ssl=false -Djava.rmi.server.hostname=localhost -Dspring.jmx.enabled=true -Dmanagement.endpoints.jmx.exposure.include=* -Dspring.application.admin.enabled=true -XX:TieredStopAtLevel=1 -Dspring.boot.project.name=adproject -Dfile.encoding=UTF-8 -Dstdout.encoding=UTF-8 -Dstderr.encoding=UTF-8 -XX:+ShowCodeDetailsInExceptionMessages 
java_command: sg.nus.iss.adproject.AdprojectApplication --spring.output.ansi.enabled=always
java_class_path (initial): C:\Users\user\init-kopico\Library\GDipSA-ADProject\target\classes;C:\Users\user\.m2\repository\org\springframework\boot\spring-boot-starter-data-jpa\3.3.0\spring-boot-starter-data-jpa-3.3.0.jar;C:\Users\user\.m2\repository\org\springframework\boot\spring-boot-starter-aop\3.3.0\spring-boot-starter-aop-3.3.0.jar;C:\Users\user\.m2\repository\org\springframework\spring-aop\6.1.8\spring-aop-6.1.8.jar;C:\Users\user\.m2\repository\org\aspectj\aspectjweaver\1.9.22\aspectjweaver-1.9.22.jar;C:\Users\user\.m2\repository\org\springframework\boot\spring-boot-starter-jdbc\3.3.0\spring-boot-starter-jdbc-3.3.0.jar;C:\Users\user\.m2\repository\com\zaxxer\HikariCP\5.1.0\HikariCP-5.1.0.jar;C:\Users\user\.m2\repository\org\springframework\spring-jdbc\6.1.8\spring-jdbc-6.1.8.jar;C:\Users\user\.m2\repository\org\hibernate\orm\hibernate-core\6.5.2.Final\hibernate-core-6.5.2.Final.jar;C:\Users\user\.m2\repository\jakarta\persistence\jakarta.persistence-api\3.1.0\jakarta.persistence-api-3.1.0.jar;C:\Users\user\.m2\repository\jakarta\transaction\jakarta.transaction-api\2.0.1\jakarta.transaction-api-2.0.1.jar;C:\Users\user\.m2\repository\org\jboss\logging\jboss-logging\3.5.3.Final\jboss-logging-3.5.3.Final.jar;C:\Users\user\.m2\repository\org\hibernate\common\hibernate-commons-annotations\6.0.6.Final\hibernate-commons-annotations-6.0.6.Final.jar;C:\Users\user\.m2\repository\io\smallrye\jandex\3.1.2\jandex-3.1.2.jar;C:\Users\user\.m2\repository\com\fasterxml\classmate\1.7.0\classmate-1.7.0.jar;C:\Users\user\.m2\repository\net\bytebuddy\byte-buddy\1.14.16\byte-buddy-1.14.16.jar;C:\Users\user\.m2\repository\org\glassfish\jaxb\jaxb-runtime\4.0.5\jaxb-runtime-4.0.5.jar;C:\Users\user\.m2\repository\org\glassfish\jaxb\jaxb-core\4.0.5\jaxb-core-4.0.5.jar;C:\Users\user\.m2\repository\org\eclipse\angus\angus-activation\2.0.2\angus-activation-2.0.2.jar;C:\Users\user\.m2\repository\org\glassfish\jaxb\txw2\4.0.5\txw2-4.0.5.jar;C:\Users\user\.m2\repository\com\sun\istack\istack
Launcher Type: SUN_STANDARD

[Global flags]
     intx CICompilerCount                          = 3                                         {product} {ergonomic}
     uint ConcGCThreads                            = 1                                         {product} {ergonomic}
     uint G1ConcRefinementThreads                  = 4                                         {product} {ergonomic}
   size_t G1HeapRegionSize                         = 2097152                                   {product} {ergonomic}
    uintx GCDrainStackTargetSize                   = 64                                        {product} {ergonomic}
   size_t InitialHeapSize                          = 268435456                                 {product} {ergonomic}
     bool ManagementServer                         = true                                      {product} {command line}
   size_t MarkStackSize                            = 4194304                                   {product} {ergonomic}
   size_t MaxHeapSize                              = 4265607168                                {product} {ergonomic}
   size_t MaxNewSize                               = 2558525440                                {product} {ergonomic}
   size_t MinHeapDeltaBytes                        = 2097152                                   {product} {ergonomic}
   size_t MinHeapSize                              = 8388608                                   {product} {ergonomic}
    uintx NonProfiledCodeHeapSize                  = 0                                      {pd product} {ergonomic}
     bool ProfileInterpreter                       = false                                  {pd product} {command line}
    uintx ProfiledCodeHeapSize                     = 0                                      {pd product} {ergonomic}
     bool ShowCodeDetailsInExceptionMessages       = true                                   {manageable} {command line}
   size_t SoftMaxHeapSize                          = 4265607168                             {manageable} {ergonomic}
     intx TieredStopAtLevel                        = 1                                         {product} {command line}
     bool UseCompressedClassPointers               = true                           {product lp64_product} {ergonomic}
     bool UseCompressedOops                        = true                           {product lp64_product} {ergonomic}
     bool UseG1GC                                  = true                                      {product} {ergonomic}
     bool UseLargePagesIndividualAllocation        = false                                  {pd product} {ergonomic}

Logging:
Log output configuration:
 #0: stdout all=warning uptime,level,tags
 #1: stderr all=off uptime,level,tags

Environment Variables:
JAVA_HOME=C:\Program Files\Android\Android Studio3\jbr
CLASSPATH=c:\Tomcat\apache-tomcat-10.1.0-M17\lib\servlet-api.jar;c:\Program Files\Java\glassfish5\glassfish\modules;C:\Tomcat\apache-tomcat-8.5.82\lib\servlet-api.jar;
PATH=C:/Users/user/Documents/Softwares and Websites/SpringBoot and Angular/sts-4.22.1.RELEASE//plugins/org.eclipse.justj.openjdk.hotspot.jre.full.win32.x86_64_21.0.3.v20240426-1530/jre/bin/server;C:/Users/user/Documents/Softwares and Websites/SpringBoot and Angular/sts-4.22.1.RELEASE//plugins/org.eclipse.justj.openjdk.hotspot.jre.full.win32.x86_64_21.0.3.v20240426-1530/jre/bin;C:\Program Files\Common Files\Oracle\Java\javapath;C:\Program Files\Eclipse Adoptium\jdk-17.0.4.101-hotspot\bin;C:\Program Files\Common Files\Java\openjdk-16\bin;C:\WINDOWS\system32;C:\WINDOWS;C:\WINDOWS\System32\Wbem;C:\WINDOWS\System32\WindowsPowerShell\v1.0\;C:\Program Files\Intel\WiFi\bin\;C:\Program Files\Common Files\Intel\WirelessCommon\;C:\Users\user\Documents\Python For Everybody\Python Codes;C:\WINDOWS\System32\OpenSSH\;C:\Program Files\Google\Google Apps Sync\;C:\Program Files\Google\Google Apps Migration\;C:\Program Files\MongoDB\Server\3.4\bin;C:\Program Files (x86)\QuickTime\QTSystem\;C:\Program Files (x86)\Intel\Intel(R) Management Engine Components\DAL;C:\Program Files\Intel\Intel(R) Management Engine Components\DAL;%JAVA_HOME%\bin;C:\ProgramData\chocolatey\bin;C:\Program Files\GitHub CLI\;C:\Program Files\Microsoft SQL Server\150\Tools\Binn\;C:\Program Files\Microsoft\jdk-11.0.16.101-hotspot\bin;C:\Program Files\Microsoft SQL Server\Client SDK\ODBC\170\Tools\Binn\;C:\Program Files (x86)\Microsoft SQL Server\150\DTS\Binn\;C:\Program Files\Azure Data Studio\bin;C:\Program Files (x86)\Microsoft SQL Server\150\Tools\Binn\;C:\Program Files\Microsoft SQL Server\150\DTS\Binn\;C:\Program Files\dotnet\;C:\Users\user\AppData\Roaming\nvm;C:\Program Files\nodejs;C:\Program Files\nodejs\;C:\Program Files\Go\bin;C:\Program Files\Git\cmd;C:\Program Files\Docker\Docker\resources\bin;C:\Program Files\PowerShell\7\;C:\Users\user\AppData\Local\Programs\Python\Python311\Scripts\;C:\Users\user\AppData\Local\Programs\Python\Python311\;C:\Users\user\AppData\Local\Programs\Python\Launcher\;C:\Program Fi
USERNAME=user
OS=Windows_NT
PROCESSOR_IDENTIFIER=Intel64 Family 6 Model 142 Stepping 9, GenuineIntel



---------------  S Y S T E M  ---------------

OS:
 Windows 10 , 64 bit Build 19041 (10.0.19041.4597)
OS uptime: 3 days 6:27 hours
Hyper-V role detected

CPU: total 4 (initial active 4) (2 cores per cpu, 2 threads per core) family 6 model 142 stepping 9 microcode 0xf0, cx8, cmov, fxsr, ht, mmx, 3dnowpref, sse, sse2, sse3, ssse3, sse4.1, sse4.2, popcnt, lzcnt, tsc, tscinvbit, avx, avx2, aes, erms, clmul, bmi1, bmi2, adx, fma, vzeroupper, clflush, clflushopt, hv

Memory: 4k page, system-wide physical 16269M (4085M free)
TotalPageFile size 19269M (AvailPageFile size 19M)
current process WorkingSet (physical memory assigned to process): 231M, peak: 236M
current process commit charge ("private bytes"): 267M, peak: 372M

vm_info: Java HotSpot(TM) 64-Bit Server VM (17.0.4.1+1-LTS-2) for windows-amd64 JRE (17.0.4.1+1-LTS-2), built on Aug 16 2022 18:32:06 by "mach5one" with MS VC++ 16.8 / 16.9 (VS2019)

END.
