#
# There is insufficient memory for the Java Runtime Environment to continue.
# Native memory allocation (mmap) failed to map 20971520 bytes for G1 virtual space
# Possible reasons:
#   The system is out of physical RAM or swap space
#   The process is running with CompressedOops enabled, and the Java Heap may be blocking the growth of the native heap
# Possible solutions:
#   Reduce memory load on the system
#   Increase physical memory or swap space
#   Check if swap backing store is full
#   Decrease Java heap size (-Xmx/-Xms)
#   Decrease number of Java threads
#   Decrease Java thread stack sizes (-Xss)
#   Set larger code cache with -XX:ReservedCodeCacheSize=
#   JVM is running with Zero Based Compressed Oops mode in which the Java heap is
#     placed in the first 32GB address space. The Java Heap base address is the
#     maximum limit for the native heap growth. Please use -XX:HeapBaseMinAddress
#     to set the Java Heap base and to place the Java Heap above 32GB virtual address.
# This output file may be truncated or incomplete.
#
#  Out of Memory Error (os_windows.cpp:3535), pid=18188, tid=18380
#
# JRE version: Java(TM) SE Runtime Environment (17.0.4.1+1) (build 17.0.4.1+1-LTS-2)
# Java VM: Java HotSpot(TM) 64-Bit Server VM (17.0.4.1+1-LTS-2, mixed mode, emulated-client, sharing, tiered, compressed oops, compressed class ptrs, g1 gc, windows-amd64)
# No core dump will be written. Minidumps are not enabled by default on client versions of Windows
#

---------------  S U M M A R Y ------------

Command Line: -XX:+ShowCodeDetailsInExceptionMessages -agentlib:jdwp=transport=dt_socket,suspend=y,address=localhost:53895 -Dcom.sun.management.jmxremote -Dcom.sun.management.jmxremote.port=53890 -Dcom.sun.management.jmxremote.authenticate=false -Dcom.sun.management.jmxremote.ssl=false -Djava.rmi.server.hostname=localhost -Dspring.jmx.enabled=true -Dmanagement.endpoints.jmx.exposure.include=* -Dspring.application.admin.enabled=true -XX:TieredStopAtLevel=1 -Dspring.boot.project.name=adproject -javaagent:C:\Users\user\Documents\Softwares and Websites\SpringBoot and Angular\sts-4.22.1.RELEASE\configuration\org.eclipse.osgi\738\0\.cp\lib\javaagent-shaded.jar -Dfile.encoding=UTF-8 -Dstdout.encoding=UTF-8 -Dstderr.encoding=UTF-8 sg.nus.iss.adproject.AdprojectApplication --spring.output.ansi.enabled=always

Host: Intel(R) Core(TM) i7-7500U CPU @ 2.70GHz, 4 cores, 15G,  Windows 10 , 64 bit Build 19041 (10.0.19041.4717)
Time: Wed Aug 14 14:13:29 2024 Malay Peninsula Standard Time elapsed time: 13.464780 seconds (0d 0h 0m 13s)

---------------  T H R E A D  ---------------

Current thread (0x000001eb20b4b830):  VMThread "VM Thread" [stack: 0x000000515f100000,0x000000515f200000] [id=18380]

Stack: [0x000000515f100000,0x000000515f200000]
Native frames: (J=compiled Java code, j=interpreted, Vv=VM code, C=native code)
V  [jvm.dll+0x6723ba]
V  [jvm.dll+0x7d1e34]
V  [jvm.dll+0x7d35de]
V  [jvm.dll+0x7d3c43]
V  [jvm.dll+0x243065]
V  [jvm.dll+0x66f2d9]
V  [jvm.dll+0x663c22]
V  [jvm.dll+0x3011cb]
V  [jvm.dll+0x308766]
V  [jvm.dll+0x35846e]
V  [jvm.dll+0x35869f]
V  [jvm.dll+0x2d83e8]
V  [jvm.dll+0x2d66b4]
V  [jvm.dll+0x2d5cbc]
V  [jvm.dll+0x3291ec]
V  [jvm.dll+0x7d811b]
V  [jvm.dll+0x7d8e54]
V  [jvm.dll+0x7d936c]
V  [jvm.dll+0x7d9744]
V  [jvm.dll+0x7d9810]
V  [jvm.dll+0x781fca]
V  [jvm.dll+0x671245]
C  [ucrtbase.dll+0x21bb2]
C  [KERNEL32.DLL+0x17374]
C  [ntdll.dll+0x4cc91]

VM_Operation (0x000000515ebfc140): CollectForMetadataAllocation, mode: safepoint, requested by thread 0x000001eb088f9ff0


---------------  P R O C E S S  ---------------

Threads class SMR info:
_java_thread_list=0x000001eb24ee6830, length=39, elements={
0x000001eb088f9ff0, 0x000001eb20b4e480, 0x000001eb21405860, 0x000001eb21411780,
0x000001eb21412650, 0x000001eb21415de0, 0x000001eb2141e800, 0x000001eb2142b4c0,
0x000001eb2142d1e0, 0x000001eb21513950, 0x000001eb215200b0, 0x000001eb2157fff0,
0x000001eb21580ca0, 0x000001eb21582ba0, 0x000001eb22077610, 0x000001eb2214caa0,
0x000001eb2214b1d0, 0x000001eb22178510, 0x000001eb2218bbd0, 0x000001eb2278c130,
0x000001eb22819850, 0x000001eb2280c600, 0x000001eb2282db30, 0x000001eb228db3a0,
0x000001eb228daed0, 0x000001eb228da060, 0x000001eb228daa00, 0x000001eb24d4e240,
0x000001eb24d4ca30, 0x000001eb24d51c00, 0x000001eb24d52f40, 0x000001eb24d51260,
0x000001eb24d4c090, 0x000001eb24d4ebe0, 0x000001eb24d4f0b0, 0x000001eb24d4cf00,
0x000001eb24d52a70, 0x000001eb24d4e710, 0x000001eb24d4d3d0
}

Java Threads: ( => current thread )
  0x000001eb088f9ff0 JavaThread "main" [_thread_blocked, id=13000, stack(0x000000515eb00000,0x000000515ec00000)]
  0x000001eb20b4e480 JavaThread "Reference Handler" daemon [_thread_blocked, id=21132, stack(0x000000515f200000,0x000000515f300000)]
  0x000001eb21405860 JavaThread "Finalizer" daemon [_thread_blocked, id=20128, stack(0x000000515f300000,0x000000515f400000)]
  0x000001eb21411780 JavaThread "Signal Dispatcher" daemon [_thread_blocked, id=2852, stack(0x000000515f400000,0x000000515f500000)]
  0x000001eb21412650 JavaThread "Attach Listener" daemon [_thread_blocked, id=18508, stack(0x000000515f500000,0x000000515f600000)]
  0x000001eb21415de0 JavaThread "Service Thread" daemon [_thread_blocked, id=11496, stack(0x000000515f600000,0x000000515f700000)]
  0x000001eb2141e800 JavaThread "Monitor Deflation Thread" daemon [_thread_blocked, id=8908, stack(0x000000515f700000,0x000000515f800000)]
  0x000001eb2142b4c0 JavaThread "C1 CompilerThread0" daemon [_thread_blocked, id=2292, stack(0x000000515f800000,0x000000515f900000)]
  0x000001eb2142d1e0 JavaThread "Sweeper thread" daemon [_thread_blocked, id=14744, stack(0x000000515f900000,0x000000515fa00000)]
  0x000001eb21513950 JavaThread "Common-Cleaner" daemon [_thread_blocked, id=15256, stack(0x000000515fa00000,0x000000515fb00000)]
  0x000001eb215200b0 JavaThread "C1 CompilerThread1" daemon [_thread_blocked, id=8996, stack(0x000000515fb00000,0x000000515fc00000)]
  0x000001eb2157fff0 JavaThread "JDWP Transport Listener: dt_socket" daemon [_thread_blocked, id=11396, stack(0x000000515fc00000,0x000000515fd00000)]
  0x000001eb21580ca0 JavaThread "JDWP Event Helper Thread" daemon [_thread_blocked, id=3420, stack(0x000000515fd00000,0x000000515fe00000)]
  0x000001eb21582ba0 JavaThread "JDWP Command Reader" daemon [_thread_in_native, id=1488, stack(0x000000515fe00000,0x000000515ff00000)]
  0x000001eb22077610 JavaThread "Notification Thread" daemon [_thread_blocked, id=7256, stack(0x000000515ff00000,0x0000005160000000)]
  0x000001eb2214caa0 JavaThread "C1 CompilerThread2" daemon [_thread_blocked, id=4688, stack(0x0000005160300000,0x0000005160400000)]
  0x000001eb2214b1d0 JavaThread "RMI TCP Accept-0" daemon [_thread_in_native, id=4680, stack(0x0000005160400000,0x0000005160500000)]
  0x000001eb22178510 JavaThread "RMI TCP Accept-53890" daemon [_thread_in_native, id=1720, stack(0x0000005160500000,0x0000005160600000)]
  0x000001eb2218bbd0 JavaThread "RMI TCP Accept-0" daemon [_thread_in_native, id=17848, stack(0x0000005160600000,0x0000005160700000)]
  0x000001eb2278c130 JavaThread "RMI TCP Connection(1)-127.0.0.1" daemon [_thread_in_native, id=11392, stack(0x0000005160800000,0x0000005160900000)]
  0x000001eb22819850 JavaThread "RMI Scheduler(0)" daemon [_thread_blocked, id=19336, stack(0x0000005160900000,0x0000005160a00000)]
  0x000001eb2280c600 JavaThread "RMI TCP Connection(2)-127.0.0.1" daemon [_thread_in_native, id=19660, stack(0x0000005160a00000,0x0000005160b00000)]
  0x000001eb2282db30 JavaThread "JMX server connection timeout 24" daemon [_thread_blocked, id=6280, stack(0x0000005160b00000,0x0000005160c00000)]
  0x000001eb228db3a0 JavaThread "Catalina-utility-1" [_thread_blocked, id=6624, stack(0x0000005160c00000,0x0000005160d00000)]
  0x000001eb228daed0 JavaThread "Catalina-utility-2" [_thread_blocked, id=11936, stack(0x0000005160d00000,0x0000005160e00000)]
  0x000001eb228da060 JavaThread "http-nio-8080-exec-1" daemon [_thread_blocked, id=1784, stack(0x0000005160e00000,0x0000005160f00000)]
  0x000001eb228daa00 JavaThread "http-nio-8080-exec-2" daemon [_thread_blocked, id=6416, stack(0x0000005160f00000,0x0000005161000000)]
  0x000001eb24d4e240 JavaThread "http-nio-8080-exec-3" daemon [_thread_blocked, id=7056, stack(0x0000005161000000,0x0000005161100000)]
  0x000001eb24d4ca30 JavaThread "http-nio-8080-exec-4" daemon [_thread_blocked, id=10976, stack(0x0000005161100000,0x0000005161200000)]
  0x000001eb24d51c00 JavaThread "http-nio-8080-exec-5" daemon [_thread_blocked, id=16368, stack(0x0000005161200000,0x0000005161300000)]
  0x000001eb24d52f40 JavaThread "http-nio-8080-exec-6" daemon [_thread_blocked, id=2756, stack(0x0000005161300000,0x0000005161400000)]
  0x000001eb24d51260 JavaThread "http-nio-8080-exec-7" daemon [_thread_blocked, id=19732, stack(0x0000005161400000,0x0000005161500000)]
  0x000001eb24d4c090 JavaThread "http-nio-8080-exec-8" daemon [_thread_blocked, id=14944, stack(0x0000005161500000,0x0000005161600000)]
  0x000001eb24d4ebe0 JavaThread "http-nio-8080-exec-9" daemon [_thread_blocked, id=15796, stack(0x0000005161600000,0x0000005161700000)]
  0x000001eb24d4f0b0 JavaThread "http-nio-8080-exec-10" daemon [_thread_blocked, id=8176, stack(0x0000005161700000,0x0000005161800000)]
  0x000001eb24d4cf00 JavaThread "container-0" [_thread_blocked, id=8672, stack(0x0000005161800000,0x0000005161900000)]
  0x000001eb24d52a70 JavaThread "mysql-cj-abandoned-connection-cleanup" daemon [_thread_blocked, id=14012, stack(0x0000005161900000,0x0000005161a00000)]
  0x000001eb24d4e710 JavaThread "HikariPool-1 housekeeper" daemon [_thread_blocked, id=10636, stack(0x0000005161c00000,0x0000005161d00000)]
  0x000001eb24d4d3d0 JavaThread "HikariPool-1 connection adder" daemon [_thread_blocked, id=1444, stack(0x0000005161d00000,0x0000005161e00000)]

Other Threads:
=>0x000001eb20b4b830 VMThread "VM Thread" [stack: 0x000000515f100000,0x000000515f200000] [id=18380]
  0x000001eb08982d20 WatcherThread [stack: 0x0000005160700000,0x0000005160800000] [id=2180]
  0x000001eb089668a0 GCTaskThread "GC Thread#0" [stack: 0x000000515ec00000,0x000000515ed00000] [id=16740]
  0x000001eb2209e220 GCTaskThread "GC Thread#1" [stack: 0x0000005160000000,0x0000005160100000] [id=6456]
  0x000001eb2209ed30 GCTaskThread "GC Thread#2" [stack: 0x0000005160100000,0x0000005160200000] [id=20136]
  0x000001eb2209f290 GCTaskThread "GC Thread#3" [stack: 0x0000005160200000,0x0000005160300000] [id=18540]
  0x000001eb089781f0 ConcurrentGCThread "G1 Main Marker" [stack: 0x000000515ed00000,0x000000515ee00000] [id=15372]
  0x000001eb08978b10 ConcurrentGCThread "G1 Conc#0" [stack: 0x000000515ee00000,0x000000515ef00000] [id=4592]
  0x000001eb20a028d0 ConcurrentGCThread "G1 Refine#0" [stack: 0x000000515ef00000,0x000000515f000000] [id=396]
  0x000001eb22bad4d0 ConcurrentGCThread "G1 Refine#1" [stack: 0x0000005161a00000,0x0000005161b00000] [id=18972]
  0x000001eb20a03100 ConcurrentGCThread "G1 Service" [stack: 0x000000515f000000,0x000000515f100000] [id=1772]

Threads with active compile tasks:

VM state: at safepoint (normal execution)

VM Mutex/Monitor currently owned by a thread:  ([mutex/lock_event])
[0x000001eb088f5490] Threads_lock - owner thread: 0x000001eb20b4b830
[0x000001eb088f6330] Heap_lock - owner thread: 0x000001eb088f9ff0

Heap address: 0x0000000701c00000, size: 4068 MB, Compressed Oops mode: Zero based, Oop shift amount: 3

CDS archive(s) mapped at: [0x0000000800000000-0x0000000800bc0000-0x0000000800bc0000), size 12320768, SharedBaseAddress: 0x0000000800000000, ArchiveRelocationMode: 0.
Compressed class space mapped at: 0x0000000800c00000-0x0000000840c00000, reserved size: 1073741824
Narrow klass base: 0x0000000800000000, Narrow klass shift: 0, Narrow klass range: 0x100000000

GC Precious Log:
 CPUs: 4 total, 4 available
 Memory: 16269M
 Large Page Support: Disabled
 NUMA Support: Disabled
 Compressed Oops: Enabled (Zero based)
 Heap Region Size: 2M
 Heap Min Capacity: 8M
 Heap Initial Capacity: 256M
 Heap Max Capacity: 4068M
 Pre-touch: Disabled
 Parallel Workers: 4
 Concurrent Workers: 1
 Concurrent Refinement Workers: 4
 Periodic GC: Disabled

Heap:
 garbage-first heap   total 96256K, used 33919K [0x0000000701c00000, 0x0000000800000000)
  region size 2048K, 3 young (6144K), 3 survivors (6144K)
 Metaspace       used 67395K, committed 67968K, reserved 1114112K
  class space    used 9582K, committed 9856K, reserved 1048576K

Heap Regions: E=young(eden), S=young(survivor), O=old, HS=humongous(starts), HC=humongous(continues), CS=collection set, F=free, OA=open archive, CA=closed archive, TAMS=top-at-mark-start (previous, next)
|   0|0x0000000701c00000, 0x0000000701e00000, 0x0000000701e00000|100%| O|  |TAMS 0x0000000701e00000, 0x0000000701e00000| Untracked 
|   1|0x0000000701e00000, 0x0000000702000000, 0x0000000702000000|100%| O|  |TAMS 0x0000000702000000, 0x0000000702000000| Untracked 
|   2|0x0000000702000000, 0x0000000702200000, 0x0000000702200000|100%| O|  |TAMS 0x0000000702200000, 0x0000000702200000| Untracked 
|   3|0x0000000702200000, 0x0000000702324600, 0x0000000702400000| 57%| O|  |TAMS 0x0000000702324600, 0x0000000702324600| Untracked 
|   4|0x0000000702400000, 0x0000000702600000, 0x0000000702600000|100%| O|  |TAMS 0x0000000702600000, 0x0000000702600000| Untracked 
|   5|0x0000000702600000, 0x0000000702800000, 0x0000000702800000|100%| O|  |TAMS 0x0000000702800000, 0x0000000702800000| Untracked 
|   6|0x0000000702800000, 0x0000000702a00000, 0x0000000702a00000|100%| O|  |TAMS 0x0000000702800000, 0x0000000702a00000| Untracked 
|   7|0x0000000702a00000, 0x0000000702c00000, 0x0000000702c00000|100%| O|  |TAMS 0x0000000702a00000, 0x0000000702c00000| Untracked 
|   8|0x0000000702c00000, 0x0000000702e00000, 0x0000000702e00000|100%| O|  |TAMS 0x0000000702c00000, 0x0000000702e00000| Untracked 
|   9|0x0000000702e00000, 0x0000000703000000, 0x0000000703000000|100%| O|  |TAMS 0x0000000702e00000, 0x0000000703000000| Untracked 
|  10|0x0000000703000000, 0x0000000703200000, 0x0000000703200000|100%| O|  |TAMS 0x0000000703000000, 0x000000070311ec00| Untracked 
|  11|0x0000000703200000, 0x0000000703400000, 0x0000000703400000|100%| O|  |TAMS 0x0000000703400000, 0x0000000703400000| Untracked 
|  12|0x0000000703400000, 0x0000000703600000, 0x0000000703600000|100%| O|  |TAMS 0x0000000703600000, 0x0000000703600000| Untracked 
|  13|0x0000000703600000, 0x0000000703800000, 0x0000000703800000|100%| O|  |TAMS 0x0000000703800000, 0x0000000703800000| Untracked 
|  14|0x0000000703800000, 0x00000007038b0200, 0x0000000703a00000| 34%| O|  |TAMS 0x0000000703800000, 0x0000000703800000| Untracked 
|  15|0x0000000703a00000, 0x0000000703a00000, 0x0000000703c00000|  0%| F|  |TAMS 0x0000000703a00000, 0x0000000703a00000| Untracked 
|  16|0x0000000703c00000, 0x0000000703c00000, 0x0000000703e00000|  0%| F|  |TAMS 0x0000000703c00000, 0x0000000703c00000| Untracked 
|  17|0x0000000703e00000, 0x0000000703e00000, 0x0000000704000000|  0%| F|  |TAMS 0x0000000703e00000, 0x0000000703e00000| Untracked 
|  18|0x0000000704000000, 0x0000000704000000, 0x0000000704200000|  0%| F|  |TAMS 0x0000000704000000, 0x0000000704000000| Untracked 
|  19|0x0000000704200000, 0x0000000704200000, 0x0000000704400000|  0%| F|  |TAMS 0x0000000704200000, 0x0000000704200000| Untracked 
|  20|0x0000000704400000, 0x0000000704400000, 0x0000000704600000|  0%| F|  |TAMS 0x0000000704400000, 0x0000000704400000| Untracked 
|  21|0x0000000704600000, 0x0000000704600000, 0x0000000704800000|  0%| F|  |TAMS 0x0000000704600000, 0x0000000704600000| Untracked 
|  22|0x0000000704800000, 0x0000000704800000, 0x0000000704a00000|  0%| F|  |TAMS 0x0000000704800000, 0x0000000704800000| Untracked 
|  23|0x0000000704a00000, 0x0000000704a00000, 0x0000000704c00000|  0%| F|  |TAMS 0x0000000704a00000, 0x0000000704a00000| Untracked 
|  24|0x0000000704c00000, 0x0000000704c00000, 0x0000000704e00000|  0%| F|  |TAMS 0x0000000704c00000, 0x0000000704c00000| Untracked 
|  25|0x0000000704e00000, 0x0000000704e00000, 0x0000000705000000|  0%| F|  |TAMS 0x0000000704e00000, 0x0000000704e00000| Untracked 
|  26|0x0000000705000000, 0x0000000705000000, 0x0000000705200000|  0%| F|  |TAMS 0x0000000705000000, 0x0000000705000000| Untracked 
|  27|0x0000000705200000, 0x0000000705200000, 0x0000000705400000|  0%| F|  |TAMS 0x0000000705200000, 0x0000000705200000| Untracked 
|  28|0x0000000705400000, 0x000000070554b5f0, 0x0000000705600000| 64%| S|CS|TAMS 0x0000000705400000, 0x0000000705400000| Complete 
|  29|0x0000000705600000, 0x0000000705800000, 0x0000000705800000|100%| S|CS|TAMS 0x0000000705600000, 0x0000000705600000| Complete 
|  30|0x0000000705800000, 0x0000000705a00000, 0x0000000705a00000|100%| S|CS|TAMS 0x0000000705800000, 0x0000000705800000| Complete 
|  31|0x0000000705a00000, 0x0000000705a00000, 0x0000000705c00000|  0%| F|  |TAMS 0x0000000705a00000, 0x0000000705a00000| Untracked 
|  32|0x0000000705c00000, 0x0000000705c00000, 0x0000000705e00000|  0%| F|  |TAMS 0x0000000705c00000, 0x0000000705c00000| Untracked 
|  33|0x0000000705e00000, 0x0000000705e00000, 0x0000000706000000|  0%| F|  |TAMS 0x0000000705e00000, 0x0000000705e00000| Untracked 
|  34|0x0000000706000000, 0x0000000706000000, 0x0000000706200000|  0%| F|  |TAMS 0x0000000706000000, 0x0000000706000000| Untracked 
|  35|0x0000000706200000, 0x0000000706200000, 0x0000000706400000|  0%| F|  |TAMS 0x0000000706200000, 0x0000000706200000| Untracked 
|  36|0x0000000706400000, 0x0000000706400000, 0x0000000706600000|  0%| F|  |TAMS 0x0000000706400000, 0x0000000706400000| Untracked 
|  37|0x0000000706600000, 0x0000000706600000, 0x0000000706800000|  0%| F|  |TAMS 0x0000000706600000, 0x0000000706600000| Untracked 
|  38|0x0000000706800000, 0x0000000706800000, 0x0000000706a00000|  0%| F|  |TAMS 0x0000000706800000, 0x0000000706800000| Untracked 
|  39|0x0000000706a00000, 0x0000000706a00000, 0x0000000706c00000|  0%| F|  |TAMS 0x0000000706a00000, 0x0000000706a00000| Untracked 
|  40|0x0000000706c00000, 0x0000000706c00000, 0x0000000706e00000|  0%| F|  |TAMS 0x0000000706c00000, 0x0000000706c00000| Untracked 
|  41|0x0000000706e00000, 0x0000000706e00000, 0x0000000707000000|  0%| F|  |TAMS 0x0000000706e00000, 0x0000000706e00000| Untracked 
|  61|0x0000000709600000, 0x0000000709600000, 0x0000000709800000|  0%| F|  |TAMS 0x0000000709600000, 0x0000000709600000| Untracked 
| 122|0x0000000711000000, 0x0000000711000000, 0x0000000711200000|  0%| F|  |TAMS 0x0000000711000000, 0x0000000711000000| Untracked 
| 123|0x0000000711200000, 0x0000000711200000, 0x0000000711400000|  0%| F|  |TAMS 0x0000000711200000, 0x0000000711200000| Untracked 
| 126|0x0000000711800000, 0x0000000711800000, 0x0000000711a00000|  0%| F|  |TAMS 0x0000000711800000, 0x0000000711800000| Untracked 
| 127|0x0000000711a00000, 0x0000000711a00000, 0x0000000711c00000|  0%| F|  |TAMS 0x0000000711a00000, 0x0000000711a00000| Untracked 

Card table byte_map: [0x000001eb155a0000,0x000001eb15da0000] _byte_map_base: 0x000001eb11d92000

Marking Bits (Prev, Next): (CMBitMap*) 0x000001eb08966e00, (CMBitMap*) 0x000001eb08966dc0
 Prev Bits: [0x000001eb1a530000, 0x000001eb1e4c0000)
 Next Bits: [0x000001eb165a0000, 0x000001eb1a530000)

Polling page: 0x000001eb118e0000

Metaspace:

Usage:
  Non-class:     56.46 MB used.
      Class:      9.36 MB used.
       Both:     65.82 MB used.

Virtual space:
  Non-class space:       64.00 MB reserved,      56.75 MB ( 89%) committed,  8 nodes.
      Class space:        1.00 GB reserved,       9.62 MB ( <1%) committed,  1 nodes.
             Both:        1.06 GB reserved,      66.38 MB (  6%) committed. 

Chunk freelists:
   Non-Class:  2.50 MB
       Class:  2.33 MB
        Both:  4.83 MB

MaxMetaspaceSize: unlimited
CompressedClassSpaceSize: 1.00 GB
Initial GC threshold: 21.00 MB
Current GC threshold: 66.38 MB
CDS: on
MetaspaceReclaimPolicy: balanced
 - commit_granule_bytes: 65536.
 - commit_granule_words: 8192.
 - virtual_space_node_default_size: 1048576.
 - enlarge_chunks_in_place: 1.
 - new_chunks_are_fully_committed: 0.
 - uncommit_free_chunks: 1.
 - use_allocation_guard: 0.
 - handle_deallocations: 1.


Internal statistics:

num_allocs_failed_limit: 14.
num_arena_births: 834.
num_arena_deaths: 0.
num_vsnodes_births: 9.
num_vsnodes_deaths: 0.
num_space_committed: 1062.
num_space_uncommitted: 0.
num_chunks_returned_to_freelist: 14.
num_chunks_taken_from_freelist: 3154.
num_chunk_merges: 14.
num_chunk_splits: 2331.
num_chunks_enlarged: 1834.
num_purges: 0.
num_inconsistent_stats: 0.

CodeCache: size=49152Kb used=15535Kb max_used=15535Kb free=33616Kb
 bounds [0x000001eb11900000, 0x000001eb12830000, 0x000001eb14900000]
 total_blobs=8572 nmethods=7862 adapters=634
 compilation: enabled
              stopped_count=0, restarted_count=0
 full_count=0

Compilation events (20 events):
Event: 13.415 Thread 0x000001eb215200b0 7853       1       java.lang.invoke.VarHandleReferences$Array::runtimeTypeCheck (26 bytes)
Event: 13.415 Thread 0x000001eb2142b4c0 nmethod 7852 0x000001eb12824310 code [0x000001eb128245a0, 0x000001eb12824f68]
Event: 13.415 Thread 0x000001eb215200b0 nmethod 7853 0x000001eb12825690 code [0x000001eb128258a0, 0x000001eb12825d18]
Event: 13.415 Thread 0x000001eb2214caa0 nmethod 7851 0x000001eb12826090 code [0x000001eb128263a0, 0x000001eb12827518]
Event: 13.423 Thread 0x000001eb2142b4c0 7856       1       sun.nio.ch.NioSocketImpl$2::write (11 bytes)
Event: 13.423 Thread 0x000001eb215200b0 7855       1       java.net.Socket$SocketOutputStream::write (11 bytes)
Event: 13.423 Thread 0x000001eb2214caa0 7857   !   1       sun.nio.ch.NioSocketImpl::write (90 bytes)
Event: 13.423 Thread 0x000001eb2142b4c0 nmethod 7856 0x000001eb12827f90 code [0x000001eb12828120, 0x000001eb12828228]
Event: 13.423 Thread 0x000001eb2142b4c0 7862   !   1       java.nio.ByteBuffer::putArray (122 bytes)
Event: 13.423 Thread 0x000001eb215200b0 nmethod 7855 0x000001eb12828310 code [0x000001eb128284a0, 0x000001eb128285a8]
Event: 13.423 Thread 0x000001eb215200b0 7858   !   1       sun.nio.ch.NioSocketImpl::implWrite (114 bytes)
Event: 13.424 Thread 0x000001eb2214caa0 nmethod 7857 0x000001eb12828610 code [0x000001eb12828840, 0x000001eb12828ce8]
Event: 13.424 Thread 0x000001eb2142b4c0 nmethod 7862 0x000001eb12829190 code [0x000001eb128293a0, 0x000001eb12829978]
Event: 13.424 Thread 0x000001eb215200b0 nmethod 7858 0x000001eb12829d90 code [0x000001eb12829fa0, 0x000001eb1282a558]
Event: 13.424 Thread 0x000001eb2214caa0 7859   !   1       sun.nio.ch.NioSocketImpl::beginWrite (30 bytes)
Event: 13.424 Thread 0x000001eb2142b4c0 7860   !   1       sun.nio.ch.NioSocketImpl::tryWrite (78 bytes)
Event: 13.424 Thread 0x000001eb215200b0 7861       1       java.nio.ByteBuffer::put (69 bytes)
Event: 13.424 Thread 0x000001eb2214caa0 nmethod 7859 0x000001eb1282a990 code [0x000001eb1282ab40, 0x000001eb1282ad48]
Event: 13.424 Thread 0x000001eb2142b4c0 nmethod 7860 0x000001eb1282ae90 code [0x000001eb1282b080, 0x000001eb1282b2f8]
Event: 13.424 Thread 0x000001eb215200b0 nmethod 7861 0x000001eb1282b510 code [0x000001eb1282b720, 0x000001eb1282ba58]

GC Heap History (20 events):
Event: 5.094 GC heap after
{Heap after GC invocations=11 (full 0):
 garbage-first heap   total 139264K, used 19117K [0x0000000701c00000, 0x0000000800000000)
  region size 2048K, 2 young (4096K), 2 survivors (4096K)
 Metaspace       used 29948K, committed 30400K, reserved 1081344K
  class space    used 4146K, committed 4352K, reserved 1048576K
}
Event: 7.236 GC heap before
{Heap before GC invocations=11 (full 0):
 garbage-first heap   total 139264K, used 96941K [0x0000000701c00000, 0x0000000800000000)
  region size 2048K, 40 young (81920K), 2 survivors (4096K)
 Metaspace       used 35311K, committed 35776K, reserved 1081344K
  class space    used 4923K, committed 5184K, reserved 1048576K
}
Event: 7.245 GC heap after
{Heap after GC invocations=12 (full 0):
 garbage-first heap   total 139264K, used 22864K [0x0000000701c00000, 0x0000000800000000)
  region size 2048K, 4 young (8192K), 4 survivors (8192K)
 Metaspace       used 35311K, committed 35776K, reserved 1081344K
  class space    used 4923K, committed 5184K, reserved 1048576K
}
Event: 7.309 GC heap before
{Heap before GC invocations=12 (full 0):
 garbage-first heap   total 139264K, used 29008K [0x0000000701c00000, 0x0000000800000000)
  region size 2048K, 8 young (16384K), 4 survivors (8192K)
 Metaspace       used 35695K, committed 36160K, reserved 1081344K
  class space    used 4982K, committed 5248K, reserved 1048576K
}
Event: 7.317 GC heap after
{Heap after GC invocations=13 (full 0):
 garbage-first heap   total 139264K, used 23162K [0x0000000701c00000, 0x0000000800000000)
  region size 2048K, 3 young (6144K), 3 survivors (6144K)
 Metaspace       used 35695K, committed 36160K, reserved 1081344K
  class space    used 4982K, committed 5248K, reserved 1048576K
}
Event: 8.168 GC heap before
{Heap before GC invocations=14 (full 0):
 garbage-first heap   total 96256K, used 74362K [0x0000000701c00000, 0x0000000800000000)
  region size 2048K, 28 young (57344K), 3 survivors (6144K)
 Metaspace       used 40031K, committed 40576K, reserved 1089536K
  class space    used 5624K, committed 5888K, reserved 1048576K
}
Event: 8.176 GC heap after
{Heap after GC invocations=15 (full 0):
 garbage-first heap   total 96256K, used 24434K [0x0000000701c00000, 0x0000000800000000)
  region size 2048K, 3 young (6144K), 3 survivors (6144K)
 Metaspace       used 40031K, committed 40576K, reserved 1089536K
  class space    used 5624K, committed 5888K, reserved 1048576K
}
Event: 8.824 GC heap before
{Heap before GC invocations=16 (full 0):
 garbage-first heap   total 96256K, used 73586K [0x0000000701c00000, 0x0000000800000000)
  region size 2048K, 28 young (57344K), 3 survivors (6144K)
 Metaspace       used 45122K, committed 45632K, reserved 1089536K
  class space    used 6328K, committed 6592K, reserved 1048576K
}
Event: 8.832 GC heap after
{Heap after GC invocations=17 (full 0):
 garbage-first heap   total 96256K, used 25898K [0x0000000701c00000, 0x0000000800000000)
  region size 2048K, 2 young (4096K), 2 survivors (4096K)
 Metaspace       used 45122K, committed 45632K, reserved 1089536K
  class space    used 6328K, committed 6592K, reserved 1048576K
}
Event: 9.833 GC heap before
{Heap before GC invocations=17 (full 0):
 garbage-first heap   total 96256K, used 77098K [0x0000000701c00000, 0x0000000800000000)
  region size 2048K, 27 young (55296K), 2 survivors (4096K)
 Metaspace       used 50669K, committed 51200K, reserved 1097728K
  class space    used 7100K, committed 7360K, reserved 1048576K
}
Event: 9.839 GC heap after
{Heap after GC invocations=18 (full 0):
 garbage-first heap   total 96256K, used 27251K [0x0000000701c00000, 0x0000000800000000)
  region size 2048K, 3 young (6144K), 3 survivors (6144K)
 Metaspace       used 50669K, committed 51200K, reserved 1097728K
  class space    used 7100K, committed 7360K, reserved 1048576K
}
Event: 10.398 GC heap before
{Heap before GC invocations=18 (full 0):
 garbage-first heap   total 96256K, used 76403K [0x0000000701c00000, 0x0000000800000000)
  region size 2048K, 27 young (55296K), 3 survivors (6144K)
 Metaspace       used 54148K, committed 54720K, reserved 1097728K
  class space    used 7594K, committed 7872K, reserved 1048576K
}
Event: 10.405 GC heap after
{Heap after GC invocations=19 (full 0):
 garbage-first heap   total 96256K, used 28831K [0x0000000701c00000, 0x0000000800000000)
  region size 2048K, 3 young (6144K), 3 survivors (6144K)
 Metaspace       used 54148K, committed 54720K, reserved 1097728K
  class space    used 7594K, committed 7872K, reserved 1048576K
}
Event: 10.853 GC heap before
{Heap before GC invocations=19 (full 0):
 garbage-first heap   total 96256K, used 75935K [0x0000000701c00000, 0x0000000800000000)
  region size 2048K, 27 young (55296K), 3 survivors (6144K)
 Metaspace       used 59195K, committed 59712K, reserved 1105920K
  class space    used 8395K, committed 8640K, reserved 1048576K
}
Event: 10.860 GC heap after
{Heap after GC invocations=20 (full 0):
 garbage-first heap   total 96256K, used 29629K [0x0000000701c00000, 0x0000000800000000)
  region size 2048K, 2 young (4096K), 2 survivors (4096K)
 Metaspace       used 59195K, committed 59712K, reserved 1105920K
  class space    used 8395K, committed 8640K, reserved 1048576K
}
Event: 11.402 GC heap before
{Heap before GC invocations=20 (full 0):
 garbage-first heap   total 96256K, used 78781K [0x0000000701c00000, 0x0000000800000000)
  region size 2048K, 26 young (53248K), 2 survivors (4096K)
 Metaspace       used 60819K, committed 61376K, reserved 1105920K
  class space    used 8677K, committed 8960K, reserved 1048576K
}
Event: 11.407 GC heap after
{Heap after GC invocations=21 (full 0):
 garbage-first heap   total 96256K, used 30040K [0x0000000701c00000, 0x0000000800000000)
  region size 2048K, 3 young (6144K), 3 survivors (6144K)
 Metaspace       used 60819K, committed 61376K, reserved 1105920K
  class space    used 8677K, committed 8960K, reserved 1048576K
}
Event: 12.259 GC heap before
{Heap before GC invocations=21 (full 0):
 garbage-first heap   total 96256K, used 77144K [0x0000000701c00000, 0x0000000800000000)
  region size 2048K, 26 young (53248K), 3 survivors (6144K)
 Metaspace       used 65034K, committed 65664K, reserved 1105920K
  class space    used 9307K, committed 9600K, reserved 1048576K
}
Event: 12.269 GC heap after
{Heap after GC invocations=22 (full 0):
 garbage-first heap   total 96256K, used 31614K [0x0000000701c00000, 0x0000000800000000)
  region size 2048K, 3 young (6144K), 3 survivors (6144K)
 Metaspace       used 65034K, committed 65664K, reserved 1105920K
  class space    used 9307K, committed 9600K, reserved 1048576K
}
Event: 13.450 GC heap before
{Heap before GC invocations=22 (full 0):
 garbage-first heap   total 96256K, used 62334K [0x0000000701c00000, 0x0000000800000000)
  region size 2048K, 19 young (38912K), 3 survivors (6144K)
 Metaspace       used 67395K, committed 67968K, reserved 1114112K
  class space    used 9582K, committed 9856K, reserved 1048576K
}

Deoptimization events (20 events):
Event: 13.263 Thread 0x000001eb088f9ff0 DEOPT PACKING pc=0x000001eb11d4317c sp=0x000000515ebfaab0
Event: 13.263 Thread 0x000001eb088f9ff0 DEOPT UNPACKING pc=0x000001eb11952b43 sp=0x000000515ebf9f68 mode 1
Event: 13.263 Thread 0x000001eb088f9ff0 DEOPT PACKING pc=0x000001eb11d0b7dc sp=0x000000515ebfb490
Event: 13.263 Thread 0x000001eb088f9ff0 DEOPT UNPACKING pc=0x000001eb11952b43 sp=0x000000515ebfa968 mode 1
Event: 13.263 Thread 0x000001eb088f9ff0 DEOPT PACKING pc=0x000001eb11f5f2bc sp=0x000000515ebfb530
Event: 13.263 Thread 0x000001eb088f9ff0 DEOPT UNPACKING pc=0x000001eb11952b43 sp=0x000000515ebfab80 mode 1
Event: 13.274 Thread 0x000001eb088f9ff0 DEOPT PACKING pc=0x000001eb11f209dc sp=0x000000515ebfbbc0
Event: 13.274 Thread 0x000001eb088f9ff0 DEOPT UNPACKING pc=0x000001eb11952b43 sp=0x000000515ebfb118 mode 0
Event: 13.299 Thread 0x000001eb088f9ff0 DEOPT PACKING pc=0x000001eb1264045c sp=0x000000515ebfbbc0
Event: 13.299 Thread 0x000001eb088f9ff0 DEOPT UNPACKING pc=0x000001eb11952b43 sp=0x000000515ebfb128 mode 1
Event: 13.349 Thread 0x000001eb088f9ff0 DEOPT PACKING pc=0x000001eb1264045c sp=0x000000515ebfab60
Event: 13.349 Thread 0x000001eb088f9ff0 DEOPT UNPACKING pc=0x000001eb11952b43 sp=0x000000515ebfa0c8 mode 1
Event: 13.363 Thread 0x000001eb088f9ff0 DEOPT PACKING pc=0x000001eb1264045c sp=0x000000515ebfaf90
Event: 13.363 Thread 0x000001eb088f9ff0 DEOPT UNPACKING pc=0x000001eb11952b43 sp=0x000000515ebfa4e8 mode 1
Event: 13.363 Thread 0x000001eb088f9ff0 DEOPT PACKING pc=0x000001eb12807d5c sp=0x000000515ebfb0a0
Event: 13.363 Thread 0x000001eb088f9ff0 DEOPT UNPACKING pc=0x000001eb11952b43 sp=0x000000515ebfa560 mode 1
Event: 13.423 Thread 0x000001eb2280c600 DEOPT PACKING pc=0x000001eb12258084 sp=0x0000005160afed90
Event: 13.423 Thread 0x000001eb2280c600 DEOPT UNPACKING pc=0x000001eb11952b43 sp=0x0000005160afe230 mode 1
Event: 13.423 Thread 0x000001eb2280c600 DEOPT PACKING pc=0x000001eb12258e0c sp=0x0000005160afede0
Event: 13.423 Thread 0x000001eb2280c600 DEOPT UNPACKING pc=0x000001eb11952b43 sp=0x0000005160afe2d0 mode 1

Classes unloaded (0 events):
No events

Classes redefined (0 events):
No events

Internal exceptions (20 events):
Event: 11.465 Thread 0x000001eb088f9ff0 Exception <a 'java/lang/NoSuchMethodError'{0x00000007110a85b0}: 'int java.lang.invoke.DirectMethodHandle$Holder.invokeStatic(java.lang.Object, java.lang.Object, java.lang.Object, java.lang.Object, java.lang.Object)'> (0x00000007110a85b0) 
thrown [s\open\src\hotspot\share\interpreter\linkResolver.cpp, line 759]
Event: 11.500 Thread 0x000001eb088f9ff0 Exception <a 'java/lang/NoSuchMethodError'{0x0000000706e183e0}: 'void java.lang.invoke.DirectMethodHandle$Holder.invokeInterface(java.lang.Object, java.lang.Object, int, java.lang.Object)'> (0x0000000706e183e0) 
thrown [s\open\src\hotspot\share\interpreter\linkResolver.cpp, line 759]
Event: 11.503 Thread 0x000001eb088f9ff0 Exception <a 'java/lang/NoSuchMethodError'{0x0000000706e744a8}: 'java.lang.Object java.lang.invoke.DirectMethodHandle$Holder.newInvokeSpecial(java.lang.Object, java.lang.Object, int, java.lang.Object)'> (0x0000000706e744a8) 
thrown [s\open\src\hotspot\share\interpreter\linkResolver.cpp, line 759]
Event: 11.503 Thread 0x000001eb088f9ff0 Exception <a 'java/lang/NoSuchMethodError'{0x0000000706e78070}: 'java.lang.Object java.lang.invoke.Invokers$Holder.linkToTargetMethod(java.lang.Object, int, java.lang.Object, java.lang.Object)'> (0x0000000706e78070) 
thrown [s\open\src\hotspot\share\interpreter\linkResolver.cpp, line 759]
Event: 11.524 Thread 0x000001eb088f9ff0 Exception <a 'java/lang/NoSuchMethodError'{0x0000000706d2d748}: 'void java.lang.invoke.DirectMethodHandle$Holder.invokeSpecial(java.lang.Object, java.lang.Object, java.lang.Object, java.lang.Object, java.lang.Object, java.lang.Object, java.lang.Object, java.lang.Object)'> (0x0000000706d2d748) 
thrown [s\open\src\hotspot\share\interpreter\linkResolver.cpp, line 759]
Event: 11.529 Thread 0x000001eb088f9ff0 Exception <a 'java/lang/NoSuchMethodError'{0x0000000706dd2268}: 'void java.lang.invoke.DirectMethodHandle$Holder.invokeSpecial(java.lang.Object, java.lang.Object, int, java.lang.Object)'> (0x0000000706dd2268) 
thrown [s\open\src\hotspot\share\interpreter\linkResolver.cpp, line 759]
Event: 11.530 Thread 0x000001eb088f9ff0 Exception <a 'java/lang/NoSuchMethodError'{0x0000000706dd90d0}: 'java.lang.Object java.lang.invoke.DirectMethodHandle$Holder.newInvokeSpecial(java.lang.Object, java.lang.Object, int)'> (0x0000000706dd90d0) 
thrown [s\open\src\hotspot\share\interpreter\linkResolver.cpp, line 759]
Event: 11.558 Thread 0x000001eb088f9ff0 Exception <a 'java/lang/NoSuchMethodError'{0x0000000706693e30}: 'int java.lang.invoke.DirectMethodHandle$Holder.invokeStatic(java.lang.Object, int, java.lang.Object)'> (0x0000000706693e30) 
thrown [s\open\src\hotspot\share\interpreter\linkResolver.cpp, line 759]
Event: 11.561 Thread 0x000001eb088f9ff0 Exception <a 'java/lang/NoSuchMethodError'{0x00000007066d72b8}: 'java.lang.Object java.lang.invoke.DirectMethodHandle$Holder.newInvokeSpecial(java.lang.Object, java.lang.Object, java.lang.Object, java.lang.Object, java.lang.Object, int, java.lang.Object)'> (0x00000007066d72b8) 
thrown [s\open\src\hotspot\share\interpreter\linkResolver.cpp, line 759]
Event: 11.567 Thread 0x000001eb088f9ff0 Exception <a 'java/lang/NoSuchMethodError'{0x000000070673bb08}: 'java.lang.Object java.lang.invoke.DirectMethodHandle$Holder.newInvokeSpecial(java.lang.Object, java.lang.Object, java.lang.Object, java.lang.Object, java.lang.Object, java.lang.Object, java.lang.Object, java.lang.Object, java.lang.Object, java.lang.Object, java.lang.Object, java.lang.Object)'> (0x000000070673bb08) 
thrown [s\open\src\hotspot\share\interpreter\linkResolver.cpp, line 759]
Event: 11.567 Thread 0x000001eb088f9ff0 Exception <a 'java/lang/NoSuchMethodError'{0x00000007067405a0}: 'java.lang.Object java.lang.invoke.DirectMethodHandle$Holder.invokeSpecial(java.lang.Object, java.lang.Object, java.lang.Object, java.lang.Object, java.lang.Object, java.lang.Object, java.lang.Object, java.lang.Object, java.lang.Object, java.lang.Object, java.lang.Object, java.lang.Object, java.lang.Object)'> (0x00000007067405a0) 
thrown [s\open\src\hotspot\share\interpreter\linkResolver.cpp, line 759]
Event: 11.568 Thread 0x000001eb088f9ff0 Exception <a 'java/lang/NoSuchMethodError'{0x0000000706744cb8}: 'java.lang.Object java.lang.invoke.Invokers$Holder.linkToTargetMethod(java.lang.Object, java.lang.Object, java.lang.Object, java.lang.Object, java.lang.Object, java.lang.Object, java.lang.Object, java.lang.Object, java.lang.Object, java.lang.Object, java.lang.Object, java.lang.Object)'> (0x0000000706744cb8) 
thrown [s\open\src\hotspot\share\interpreter\linkResolver.cpp, line 759]
Event: 11.633 Thread 0x000001eb088f9ff0 Exception <a 'java/lang/NoSuchMethodError'{0x00000007061d0e98}: 'java.lang.Object java.lang.invoke.DirectMethodHandle$Holder.newInvokeSpecial(java.lang.Object, java.lang.Object, int, java.lang.Object, int, java.lang.Object, java.lang.Object)'> (0x00000007061d0e98) 
thrown [s\open\src\hotspot\share\interpreter\linkResolver.cpp, line 759]
Event: 11.651 Thread 0x000001eb088f9ff0 Exception <a 'java/lang/NoSuchMethodError'{0x0000000705fb09b0}: 'java.lang.Object java.lang.invoke.DirectMethodHandle$Holder.newInvokeSpecial(java.lang.Object, java.lang.Object, java.lang.Object, java.lang.Object, java.lang.Object, java.lang.Object, java.lang.Object, int)'> (0x0000000705fb09b0) 
thrown [s\open\src\hotspot\share\interpreter\linkResolver.cpp, line 759]
Event: 11.651 Thread 0x000001eb088f9ff0 Exception <a 'java/lang/NoSuchMethodError'{0x0000000705fb59a8}: 'java.lang.Object java.lang.invoke.DirectMethodHandle$Holder.invokeSpecial(java.lang.Object, java.lang.Object, java.lang.Object, java.lang.Object, java.lang.Object, java.lang.Object, java.lang.Object, java.lang.Object, int)'> (0x0000000705fb59a8) 
thrown [s\open\src\hotspot\share\interpreter\linkResolver.cpp, line 759]
Event: 11.651 Thread 0x000001eb088f9ff0 Exception <a 'java/lang/NoSuchMethodError'{0x0000000705fba470}: 'java.lang.Object java.lang.invoke.Invokers$Holder.linkToTargetMethod(java.lang.Object, java.lang.Object, java.lang.Object, java.lang.Object, java.lang.Object, java.lang.Object, int, java.lang.Object)'> (0x0000000705fba470) 
thrown [s\open\src\hotspot\share\interpreter\linkResolver.cpp, line 759]
Event: 11.712 Thread 0x000001eb088f9ff0 Exception <a 'java/lang/NoSuchMethodError'{0x0000000705bce178}: 'void java.lang.invoke.DirectMethodHandle$Holder.invokeInterface(java.lang.Object, java.lang.Object)'> (0x0000000705bce178) 
thrown [s\open\src\hotspot\share\interpreter\linkResolver.cpp, line 759]
Event: 12.697 Thread 0x000001eb088f9ff0 Exception <a 'java/lang/IncompatibleClassChangeError'{0x00000007096d9160}: Found class java.lang.Object, but interface was expected> (0x00000007096d9160) 
thrown [s\open\src\hotspot\share\interpreter\linkResolver.cpp, line 826]
Event: 12.711 Thread 0x000001eb088f9ff0 Exception <a 'java/lang/IncompatibleClassChangeError'{0x00000007097cb930}: Found class java.lang.Object, but interface was expected> (0x00000007097cb930) 
thrown [s\open\src\hotspot\share\interpreter\linkResolver.cpp, line 826]
Event: 12.784 Thread 0x000001eb088f9ff0 Exception <a 'java/lang/IncompatibleClassChangeError'{0x0000000706a0af00}: Found class java.lang.Object, but interface was expected> (0x0000000706a0af00) 
thrown [s\open\src\hotspot\share\interpreter\linkResolver.cpp, line 826]

VM Operations (20 events):
Event: 11.451 Executing VM operation: HandshakeAllThreads done
Event: 11.539 Executing VM operation: HandshakeAllThreads
Event: 11.539 Executing VM operation: HandshakeAllThreads done
Event: 11.660 Executing VM operation: HandshakeAllThreads
Event: 11.660 Executing VM operation: HandshakeAllThreads done
Event: 11.721 Executing VM operation: HandshakeAllThreads
Event: 11.721 Executing VM operation: HandshakeAllThreads done
Event: 11.963 Executing VM operation: HandshakeAllThreads
Event: 11.963 Executing VM operation: HandshakeAllThreads done
Event: 12.005 Executing VM operation: HandshakeAllThreads
Event: 12.005 Executing VM operation: HandshakeAllThreads done
Event: 12.137 Executing VM operation: ICBufferFull
Event: 12.137 Executing VM operation: ICBufferFull done
Event: 12.259 Executing VM operation: G1CollectForAllocation
Event: 12.269 Executing VM operation: G1CollectForAllocation done
Event: 13.274 Executing VM operation: HandshakeAllThreads
Event: 13.274 Executing VM operation: HandshakeAllThreads done
Event: 13.274 Executing VM operation: Cleanup
Event: 13.274 Executing VM operation: Cleanup done
Event: 13.450 Executing VM operation: CollectForMetadataAllocation

Events (20 events):
Event: 11.442 loading class jdk/internal/reflect/UnsafeLongFieldAccessorImpl
Event: 11.442 loading class jdk/internal/reflect/UnsafeLongFieldAccessorImpl done
Event: 12.597 loading class javax/naming/Reference
Event: 12.597 loading class javax/naming/Reference done
Event: 12.654 loading class java/lang/SafeVarargs
Event: 12.654 loading class java/lang/SafeVarargs done
Event: 12.659 loading class sun/reflect/generics/reflectiveObjects/GenericArrayTypeImpl
Event: 12.659 loading class sun/reflect/generics/reflectiveObjects/GenericArrayTypeImpl done
Event: 12.697 loading class java/util/concurrent/ConcurrentHashMap$TreeNode
Event: 12.697 loading class java/util/concurrent/ConcurrentHashMap$TreeNode done
Event: 12.697 loading class java/util/concurrent/ConcurrentHashMap$TreeBin
Event: 12.697 loading class java/util/concurrent/ConcurrentHashMap$TreeBin done
Event: 13.297 loading class java/util/WeakHashMap$KeyIterator
Event: 13.298 loading class java/util/WeakHashMap$HashIterator
Event: 13.298 loading class java/util/WeakHashMap$HashIterator done
Event: 13.298 loading class java/util/WeakHashMap$KeyIterator done
Event: 13.298 loading class java/util/WeakHashMap$EntrySet
Event: 13.298 loading class java/util/WeakHashMap$EntrySet done
Event: 13.298 loading class java/util/WeakHashMap$EntryIterator
Event: 13.298 loading class java/util/WeakHashMap$EntryIterator done


Dynamic libraries:
0x00007ff6230b0000 - 0x00007ff6230c0000 	C:\Program Files\Java\jdk-17.0.4.1\bin\javaw.exe
0x00007ffa14530000 - 0x00007ffa14728000 	C:\WINDOWS\SYSTEM32\ntdll.dll
0x00007ffa13170000 - 0x00007ffa13231000 	C:\WINDOWS\System32\KERNEL32.DLL
0x00007ffa12160000 - 0x00007ffa1245d000 	C:\WINDOWS\System32\KERNELBASE.dll
0x0000000052ad0000 - 0x0000000052e02000 	C:\Program Files\Norton Security\NortonData\22.20.4.57\Definitions\IPSDefs\20240813.064\IPSEng64.dll
0x00007ffa12ec0000 - 0x00007ffa12f70000 	C:\WINDOWS\System32\ADVAPI32.dll
0x00007ffa14450000 - 0x00007ffa144ee000 	C:\WINDOWS\System32\msvcrt.dll
0x00007ffa137f0000 - 0x00007ffa13890000 	C:\WINDOWS\System32\sechost.dll
0x00007ffa141f0000 - 0x00007ffa14313000 	C:\WINDOWS\System32\RPCRT4.dll
0x00007ffa11ed0000 - 0x00007ffa11ef7000 	C:\WINDOWS\System32\bcrypt.dll
0x00007ffa13f00000 - 0x00007ffa13f08000 	C:\WINDOWS\System32\PSAPI.DLL
0x00007ffa12460000 - 0x00007ffa12560000 	C:\WINDOWS\System32\ucrtbase.dll
0x00007ffa09d70000 - 0x00007ffa09d8a000 	C:\Program Files\Java\jdk-17.0.4.1\bin\VCRUNTIME140.dll
0x00007ffa09d50000 - 0x00007ffa09d68000 	C:\Program Files\Java\jdk-17.0.4.1\bin\jli.dll
0x00007ffa12f70000 - 0x00007ffa1310d000 	C:\WINDOWS\System32\USER32.dll
0x00007ffa11d00000 - 0x00007ffa11d22000 	C:\WINDOWS\System32\win32u.dll
0x00007ff9f2d30000 - 0x00007ff9f2fca000 	C:\WINDOWS\WinSxS\amd64_microsoft.windows.common-controls_6595b64144ccf1df_6.0.19041.4355_none_60b8b9eb71f62e16\COMCTL32.dll
0x00007ffa13890000 - 0x00007ffa138bb000 	C:\WINDOWS\System32\GDI32.dll
0x00007ffa11be0000 - 0x00007ffa11cf7000 	C:\WINDOWS\System32\gdi32full.dll
0x00007ffa11da0000 - 0x00007ffa11e3d000 	C:\WINDOWS\System32\msvcp_win.dll
0x00007ffa09f80000 - 0x00007ffa09f8a000 	C:\WINDOWS\SYSTEM32\VERSION.dll
0x00007ffa14350000 - 0x00007ffa1437f000 	C:\WINDOWS\System32\IMM32.DLL
0x00007ffa0c140000 - 0x00007ffa0c14c000 	C:\Program Files\Java\jdk-17.0.4.1\bin\vcruntime140_1.dll
0x00007ff9f2a30000 - 0x00007ff9f2abd000 	C:\Program Files\Java\jdk-17.0.4.1\bin\msvcp140.dll
0x00007ff9d00a0000 - 0x00007ff9d0c62000 	C:\Program Files\Java\jdk-17.0.4.1\bin\server\jvm.dll
0x00007ff9f9ac0000 - 0x00007ff9f9ac9000 	C:\WINDOWS\SYSTEM32\WSOCK32.dll
0x00007ffa13f10000 - 0x00007ffa13f7b000 	C:\WINDOWS\System32\WS2_32.dll
0x00007ff9fa630000 - 0x00007ff9fa657000 	C:\WINDOWS\SYSTEM32\WINMM.dll
0x00007ffa10390000 - 0x00007ffa103a2000 	C:\WINDOWS\SYSTEM32\kernel.appcore.dll
0x00007ffa09fd0000 - 0x00007ffa09fda000 	C:\Program Files\Java\jdk-17.0.4.1\bin\jimage.dll
0x00007ffa0e630000 - 0x00007ffa0e814000 	C:\WINDOWS\SYSTEM32\DBGHELP.DLL
0x00007ffa01c70000 - 0x00007ffa01ca4000 	C:\WINDOWS\SYSTEM32\dbgcore.DLL
0x00007ffa11e40000 - 0x00007ffa11ec2000 	C:\WINDOWS\System32\bcryptPrimitives.dll
0x00007ffa09c60000 - 0x00007ffa09c9b000 	C:\Program Files\Java\jdk-17.0.4.1\bin\jdwp.dll
0x00007ffa09d40000 - 0x00007ffa09d4e000 	C:\Program Files\Java\jdk-17.0.4.1\bin\instrument.dll
0x00007ff9e5ee0000 - 0x00007ff9e5f05000 	C:\Program Files\Java\jdk-17.0.4.1\bin\java.dll
0x00007ff9d2e90000 - 0x00007ff9d2f66000 	C:\Program Files\Java\jdk-17.0.4.1\bin\jsvml.dll
0x00007ffa125f0000 - 0x00007ffa12d5f000 	C:\WINDOWS\System32\SHELL32.dll
0x00007ffa0fbe0000 - 0x00007ffa1037f000 	C:\WINDOWS\SYSTEM32\windows.storage.dll
0x00007ffa13b20000 - 0x00007ffa13e73000 	C:\WINDOWS\System32\combase.dll
0x00007ffa11450000 - 0x00007ffa1147e000 	C:\WINDOWS\SYSTEM32\Wldp.dll
0x00007ffa14380000 - 0x00007ffa1444d000 	C:\WINDOWS\System32\OLEAUT32.dll
0x00007ffa12e10000 - 0x00007ffa12ebd000 	C:\WINDOWS\System32\SHCORE.dll
0x00007ffa13ac0000 - 0x00007ffa13b15000 	C:\WINDOWS\System32\shlwapi.dll
0x00007ffa11b10000 - 0x00007ffa11b34000 	C:\WINDOWS\SYSTEM32\profapi.dll
0x00007ffa09c50000 - 0x00007ffa09c5c000 	C:\Program Files\Java\jdk-17.0.4.1\bin\dt_socket.dll
0x00007ffa10f30000 - 0x00007ffa10f6b000 	C:\WINDOWS\SYSTEM32\IPHLPAPI.DLL
0x00007ffa11230000 - 0x00007ffa1129a000 	C:\WINDOWS\system32\mswsock.dll
0x00007ffa10f70000 - 0x00007ffa1103a000 	C:\WINDOWS\SYSTEM32\DNSAPI.dll
0x00007ffa14340000 - 0x00007ffa14348000 	C:\WINDOWS\System32\NSI.dll
0x0000000053650000 - 0x0000000053676000 	C:\Program Files\Bonjour\mdnsNSP.dll
0x00007ffa097d0000 - 0x00007ffa097da000 	C:\Windows\System32\rasadhlp.dll
0x00007ffa06b80000 - 0x00007ffa06c00000 	C:\WINDOWS\System32\fwpuclnt.dll
0x00007ff9f2ad0000 - 0x00007ff9f2ae8000 	C:\Program Files\Java\jdk-17.0.4.1\bin\zip.dll
0x00007ff9e5ec0000 - 0x00007ff9e5ed9000 	C:\Program Files\Java\jdk-17.0.4.1\bin\net.dll
0x00007ffa06e10000 - 0x00007ffa06f1d000 	C:\WINDOWS\SYSTEM32\WINHTTP.dll
0x00007ff9e4a90000 - 0x00007ff9e4aa6000 	C:\Program Files\Java\jdk-17.0.4.1\bin\nio.dll
0x00007ffa09c40000 - 0x00007ffa09c49000 	C:\Program Files\Java\jdk-17.0.4.1\bin\management.dll
0x00007ffa09930000 - 0x00007ffa0993b000 	C:\Program Files\Java\jdk-17.0.4.1\bin\management_ext.dll
0x00007ff9e55c0000 - 0x00007ff9e55d7000 	C:\WINDOWS\system32\napinsp.dll
0x00007ff9e55a0000 - 0x00007ff9e55bb000 	C:\WINDOWS\system32\pnrpnsp.dll
0x00007ffa0ddc0000 - 0x00007ffa0ddd5000 	C:\WINDOWS\system32\wshbth.dll
0x00007ffa090d0000 - 0x00007ffa090ed000 	C:\WINDOWS\system32\NLAapi.dll
0x00007ff9e5110000 - 0x00007ff9e5122000 	C:\WINDOWS\System32\winrnr.dll
0x00007ffa11490000 - 0x00007ffa114a8000 	C:\WINDOWS\SYSTEM32\CRYPTSP.dll
0x00007ffa10b70000 - 0x00007ffa10ba4000 	C:\WINDOWS\system32\rsaenh.dll
0x00007ffa11ac0000 - 0x00007ffa11aee000 	C:\WINDOWS\SYSTEM32\USERENV.dll
0x00007ffa113c0000 - 0x00007ffa113cc000 	C:\WINDOWS\SYSTEM32\CRYPTBASE.dll
0x00007ffa07ef0000 - 0x00007ffa07f07000 	C:\WINDOWS\SYSTEM32\dhcpcsvc6.DLL
0x00007ffa07ed0000 - 0x00007ffa07eed000 	C:\WINDOWS\SYSTEM32\dhcpcsvc.DLL
0x00007ffa09720000 - 0x00007ffa09730000 	C:\Program Files\Java\jdk-17.0.4.1\bin\verify.dll
0x00007ffa01db0000 - 0x00007ffa01dbe000 	C:\Program Files\Java\jdk-17.0.4.1\bin\sunmscapi.dll
0x00007ffa11f50000 - 0x00007ffa120ae000 	C:\WINDOWS\System32\CRYPT32.dll
0x00007ffa115a0000 - 0x00007ffa115c9000 	C:\WINDOWS\SYSTEM32\ncrypt.dll
0x00007ffa11560000 - 0x00007ffa1159b000 	C:\WINDOWS\SYSTEM32\NTASN1.dll

dbghelp: loaded successfully - version: 4.0.5 - missing functions: none
symbol engine: initialized successfully - sym options: 0x614 - pdb path: .;C:\Program Files\Java\jdk-17.0.4.1\bin;C:\WINDOWS\SYSTEM32;C:\Program Files\Norton Security\NortonData\22.20.4.57\Definitions\IPSDefs\20240813.064;C:\WINDOWS\WinSxS\amd64_microsoft.windows.common-controls_6595b64144ccf1df_6.0.19041.4355_none_60b8b9eb71f62e16;C:\Program Files\Java\jdk-17.0.4.1\bin\server;C:\Program Files\Bonjour

VM Arguments:
jvm_args: -XX:+ShowCodeDetailsInExceptionMessages -agentlib:jdwp=transport=dt_socket,suspend=y,address=localhost:53895 -Dcom.sun.management.jmxremote -Dcom.sun.management.jmxremote.port=53890 -Dcom.sun.management.jmxremote.authenticate=false -Dcom.sun.management.jmxremote.ssl=false -Djava.rmi.server.hostname=localhost -Dspring.jmx.enabled=true -Dmanagement.endpoints.jmx.exposure.include=* -Dspring.application.admin.enabled=true -XX:TieredStopAtLevel=1 -Dspring.boot.project.name=adproject -javaagent:C:\Users\user\Documents\Softwares and Websites\SpringBoot and Angular\sts-4.22.1.RELEASE\configuration\org.eclipse.osgi\738\0\.cp\lib\javaagent-shaded.jar -Dfile.encoding=UTF-8 -Dstdout.encoding=UTF-8 -Dstderr.encoding=UTF-8 
java_command: sg.nus.iss.adproject.AdprojectApplication --spring.output.ansi.enabled=always
java_class_path (initial): C:\Users\user\init-kopico\Library\GDipSA-ADProject\target\classes;C:\Users\user\.m2\repository\org\springframework\boot\spring-boot-starter-webflux\3.3.0\spring-boot-starter-webflux-3.3.0.jar;C:\Users\user\.m2\repository\org\springframework\boot\spring-boot-starter\3.3.0\spring-boot-starter-3.3.0.jar;C:\Users\user\.m2\repository\org\springframework\boot\spring-boot\3.3.0\spring-boot-3.3.0.jar;C:\Users\user\.m2\repository\org\springframework\boot\spring-boot-autoconfigure\3.3.0\spring-boot-autoconfigure-3.3.0.jar;C:\Users\user\.m2\repository\org\springframework\boot\spring-boot-starter-logging\3.3.0\spring-boot-starter-logging-3.3.0.jar;C:\Users\user\.m2\repository\org\apache\logging\log4j\log4j-to-slf4j\2.23.1\log4j-to-slf4j-2.23.1.jar;C:\Users\user\.m2\repository\org\apache\logging\log4j\log4j-api\2.23.1\log4j-api-2.23.1.jar;C:\Users\user\.m2\repository\org\slf4j\jul-to-slf4j\2.0.13\jul-to-slf4j-2.0.13.jar;C:\Users\user\.m2\repository\jakarta\annotation\jakarta.annotation-api\2.1.1\jakarta.annotation-api-2.1.1.jar;C:\Users\user\.m2\repository\org\yaml\snakeyaml\2.2\snakeyaml-2.2.jar;C:\Users\user\.m2\repository\org\springframework\boot\spring-boot-starter-json\3.3.0\spring-boot-starter-json-3.3.0.jar;C:\Users\user\.m2\repository\com\fasterxml\jackson\datatype\jackson-datatype-jdk8\2.17.1\jackson-datatype-jdk8-2.17.1.jar;C:\Users\user\.m2\repository\com\fasterxml\jackson\datatype\jackson-datatype-jsr310\2.17.1\jackson-datatype-jsr310-2.17.1.jar;C:\Users\user\.m2\repository\com\fasterxml\jackson\module\jackson-module-parameter-names\2.17.1\jackson-module-parameter-names-2.17.1.jar;C:\Users\user\.m2\repository\org\springframework\boot\spring-boot-starter-reactor-netty\3.3.0\spring-boot-starter-reactor-netty-3.3.0.jar;C:\Users\user\.m2\repository\io\projectreactor\netty\reactor-netty-http\1.1.19\reactor-netty-http-1.1.19.jar;C:\Users\user\.m2\repository\io\netty\netty-codec-http\4.1.110.Final\netty-codec-http-4.1.110.Final.jar;C:\Users\user
Launcher Type: SUN_STANDARD

[Global flags]
     intx CICompilerCount                          = 3                                         {product} {ergonomic}
     uint ConcGCThreads                            = 1                                         {product} {ergonomic}
     uint G1ConcRefinementThreads                  = 4                                         {product} {ergonomic}
   size_t G1HeapRegionSize                         = 2097152                                   {product} {ergonomic}
    uintx GCDrainStackTargetSize                   = 64                                        {product} {ergonomic}
   size_t InitialHeapSize                          = 268435456                                 {product} {ergonomic}
     bool ManagementServer                         = true                                      {product} {command line}
   size_t MarkStackSize                            = 4194304                                   {product} {ergonomic}
   size_t MaxHeapSize                              = 4265607168                                {product} {ergonomic}
   size_t MaxNewSize                               = 2558525440                                {product} {ergonomic}
   size_t MinHeapDeltaBytes                        = 2097152                                   {product} {ergonomic}
   size_t MinHeapSize                              = 8388608                                   {product} {ergonomic}
    uintx NonProfiledCodeHeapSize                  = 0                                      {pd product} {ergonomic}
     bool ProfileInterpreter                       = false                                  {pd product} {command line}
    uintx ProfiledCodeHeapSize                     = 0                                      {pd product} {ergonomic}
     bool ShowCodeDetailsInExceptionMessages       = true                                   {manageable} {command line}
   size_t SoftMaxHeapSize                          = 4265607168                             {manageable} {ergonomic}
     intx TieredStopAtLevel                        = 1                                         {product} {command line}
     bool UseCompressedClassPointers               = true                           {product lp64_product} {ergonomic}
     bool UseCompressedOops                        = true                           {product lp64_product} {ergonomic}
     bool UseG1GC                                  = true                                      {product} {ergonomic}
     bool UseLargePagesIndividualAllocation        = false                                  {pd product} {ergonomic}

Logging:
Log output configuration:
 #0: stdout all=warning uptime,level,tags
 #1: stderr all=off uptime,level,tags

Environment Variables:
JAVA_HOME=C:\Program Files\Android\Android Studio3\jbr
CLASSPATH=c:\Tomcat\apache-tomcat-10.1.0-M17\lib\servlet-api.jar;c:\Program Files\Java\glassfish5\glassfish\modules;C:\Tomcat\apache-tomcat-8.5.82\lib\servlet-api.jar;
PATH=C:/Users/user/Documents/Softwares and Websites/SpringBoot and Angular/sts-4.22.1.RELEASE//plugins/org.eclipse.justj.openjdk.hotspot.jre.full.win32.x86_64_21.0.3.v20240426-1530/jre/bin/server;C:/Users/user/Documents/Softwares and Websites/SpringBoot and Angular/sts-4.22.1.RELEASE//plugins/org.eclipse.justj.openjdk.hotspot.jre.full.win32.x86_64_21.0.3.v20240426-1530/jre/bin;C:\Program Files\Common Files\Oracle\Java\javapath;C:\Program Files\Eclipse Adoptium\jdk-17.0.4.101-hotspot\bin;C:\Program Files\Common Files\Java\openjdk-16\bin;C:\WINDOWS\system32;C:\WINDOWS;C:\WINDOWS\System32\Wbem;C:\WINDOWS\System32\WindowsPowerShell\v1.0\;C:\Program Files\Intel\WiFi\bin\;C:\Program Files\Common Files\Intel\WirelessCommon\;C:\Users\user\Documents\Python For Everybody\Python Codes;C:\WINDOWS\System32\OpenSSH\;C:\Program Files\Google\Google Apps Sync\;C:\Program Files\Google\Google Apps Migration\;C:\Program Files\MongoDB\Server\3.4\bin;C:\Program Files (x86)\QuickTime\QTSystem\;C:\Program Files (x86)\Intel\Intel(R) Management Engine Components\DAL;C:\Program Files\Intel\Intel(R) Management Engine Components\DAL;%JAVA_HOME%\bin;C:\ProgramData\chocolatey\bin;C:\Program Files\GitHub CLI\;C:\Program Files\Microsoft SQL Server\150\Tools\Binn\;C:\Program Files\Microsoft\jdk-11.0.16.101-hotspot\bin;C:\Program Files\Microsoft SQL Server\Client SDK\ODBC\170\Tools\Binn\;C:\Program Files (x86)\Microsoft SQL Server\150\DTS\Binn\;C:\Program Files\Azure Data Studio\bin;C:\Program Files (x86)\Microsoft SQL Server\150\Tools\Binn\;C:\Program Files\Microsoft SQL Server\150\DTS\Binn\;C:\Program Files\dotnet\;C:\Users\user\AppData\Roaming\nvm;C:\Program Files\nodejs;C:\Program Files\nodejs\;C:\Program Files\Go\bin;C:\Program Files\Docker\Docker\resources\bin;C:\Program Files\PuTTY\;C:\Program Files\Git\cmd;C:\Program Files\PowerShell\7\;C:\Users\user\AppData\Local\Programs\Python\Python311\Scripts\;C:\Users\user\AppData\Local\Programs\Python\Python311\;C:\Users\user\AppData\Local\Programs\Python
USERNAME=user
OS=Windows_NT
PROCESSOR_IDENTIFIER=Intel64 Family 6 Model 142 Stepping 9, GenuineIntel



---------------  S Y S T E M  ---------------

OS:
 Windows 10 , 64 bit Build 19041 (10.0.19041.4717)
OS uptime: 0 days 1:11 hours
Hyper-V role detected

CPU: total 4 (initial active 4) (2 cores per cpu, 2 threads per core) family 6 model 142 stepping 9 microcode 0xf0, cx8, cmov, fxsr, ht, mmx, 3dnowpref, sse, sse2, sse3, ssse3, sse4.1, sse4.2, popcnt, lzcnt, tsc, tscinvbit, avx, avx2, aes, erms, clmul, bmi1, bmi2, adx, fma, vzeroupper, clflush, clflushopt, hv

Memory: 4k page, system-wide physical 16269M (1515M free)
TotalPageFile size 19269M (AvailPageFile size 5M)
current process WorkingSet (physical memory assigned to process): 255M, peak: 255M
current process commit charge ("private bytes"): 286M, peak: 380M

vm_info: Java HotSpot(TM) 64-Bit Server VM (17.0.4.1+1-LTS-2) for windows-amd64 JRE (17.0.4.1+1-LTS-2), built on Aug 16 2022 18:32:06 by "mach5one" with MS VC++ 16.8 / 16.9 (VS2019)

END.
